500
0 883 2736 5195 6067 6953 8428 9759 4966 1452 6959 719 6545 2359 4216 6535 8175 6029 2768 4855 5880
1 3592 8442 204 5882 9423 3180 6733 5552 2639 3802 8150 5677 5715
2 1602 7682 421 3591 7847 2276 2584 9887 868 5752 6675 5175 1984 7762
3 3249 9079 6253 2719 7675 1695 1164 3643 6549 9313 3506 5483 1577 3079 1299 5715 2240
4 8460 8216 6426 2514 2028 9888 9874 5153 9326 9995 5818 1962 1668 8134 5962
5 2124 1989 7213 3838 7006 5914 2345 2248 5532 4720 1937 340 88 6170 9160 5748 5715
6 8637 9364 8740 9351 6527 1834 4388 4812 6529 374 3383 3307 105 979
7 1649 7849 7769 1982 8762 2435 231 1992 3299 5859 6236 9615 1607 5880 6613 9129 321
8 8198 488 8620 263 2548 6249 9804 812 4987 7038 1105 3584
9 3643 7537 3222 3153 5111 3099 1879 3670 3941 3227 7445 4051 9590 5247 4765 6613
10 3787 259 2956 5023 4490 8738 1450 1272 9921 4183 7289 3672 3714 5342 1105 9852 843 5762 427
11 8008 8957 44 7248 6516 9747 5451 8208 2300 1982 131 7426 9270 321
12 4622 9550 2491 1849 423 5312 4347 7869 4897 3142 3637 148 7481 8257 8116 745 6547 2288 2
13 9885 5795 2638 9643 8484 754 4524 3625 9702 8453 6299 6482 1956
14 8872 9583 4984 9365 2083 4444 5968 1260 1045 6281 3549 9400 7713 4004 7105 3081 3543 935 321
15 4380 4761 3084 2711 9006 8313 831 4657 233 9233 183 376
16 5714 3562 5245 5298 6693 5522 6133 4525 4213 5717 266 3006 6258 79
17 8827 8131 2816 4937 8119 4386 4759 5251 1805 7329 5365 8797 3561 9818 9263 3376 3543 7883 5219 9968
18 7846 1270 2111 7558 8705 3829 8234 7231 1956 1901 3096 8455 7968 1083 6054
19 5552 518 8514 6514 3794 5416 8057 1399 6525 7322 5400 6295 220 2100 7320 9990 7517 2962 7153
20 8935 5244 644 84 3615 2211 6712 9655 5363 2539 2752 7586 3691 9168 5977 5651 5194 925 9465 2240
21 4312 7791 9988 6765 4495 280 523 260 4641 331 7118 9861 4328 9224 7762 8994
22 6626 9255 4987 3789 4908 5493 2326 2963 6597 7253 9380 3982
23 1711 7261 8674 9932 4353 4054 6337 1102 8351 2931 1905 4286 7438 2962
24 3693 827 6263 8476 2214 9121 4206 2293 6379 7120 6547 7413 1105
25 6467 2945 8937 4586 8517 4345 6422 1145 6273 6628 6691 4131 2533 2240
26 4714 3118 7918 6437 2622 4981 982 8255 893 6810 6611 205
27 2161 6353 2622 4641 5794 882 5848 7525 6223 2232 4296 5952 652 1824 3745 8836 8125 6044 8671
28 1344 6601 2105 5743 8682 614 387 1226 9211 2676 7802 2264 1868 5322 321
29 3983 2560 1494 6869 490 7540 6653 4422 2607 3596 2858 4402 2685 3376 79 2962
30 9428 613 3751 4653 4158 8583 5391 7352 7847 1142 2263 1274 7733 2234 4786 3073 2962
31 8816 9484 7527 7851 1279 1953 7435 5829 9556 9245 3408 267 5860 7153 2962
32 9856 1441 5523 7536 4991 2126 4034 244 7439 4243 6370 7873 2748 1557 2643 9848
33 4684 6311 7986 5592 155 537 915 2672 2217 1416 2760 9351 9573 5412
34 8738 6963 9059 728 9799 5680 5940 9089 1976 4501 569 1534 3982
35 6840 9413 2197 4031 182 7118 9953 5158 9388 1375 8396 4784 6020 979 3012
36 3501 2107 6502 5179 8084 3813 6069 3622 107 4224 6925 2424 7057 517 6061 2128 5715
37 2125 4395 2067 499 9980 1804 1362 8340 5667 5341 1353 2666 374 7153
38 5504 1536 7029 598 2785 9863 8436 8358 7947 3471 1276 6692
39 9967 4291 6258 8516 22 5796 8348 4534 7234 9797 1553 2879 5925 8116 9013 2240 5715
40 9743 6636 4710 3902 8674 6663 3637 4015 7247 7220 1060 4561 2480 9265 5715 6613 935
41 1176 6461 458 984 9386 6511 8627 8562 2641 4938 6920 1243 4362 6547 3144
42 4224 3311 7195 8861 4306 5476 5256 4251 6538 221 7949
43 2339 3457 1123 3256 9331 4735 6950 1201 8971 9923 8223 3309 1387 5307
44 93 6024 2680 1091 8718 8160 505 5110 4746 7573 1394 4015 2038 574 2340
45 9248 738 6035 7885 1960 4429 3372 6595 161 4561 8263 2294 6745 8722 4985 8125 7949 9968
46 2420 2548 9362 224 5287 7840 3825 2431 4258 1877 7120 7240
47 3150 5478 5159 9132 7503 5795 7522 871 7593 3325 2681 1710 8888 1353 1042 2 935
48 5679 7713 2512 2196 6329 2759 833 5621 2054 3521 8837 8118 9485 9075 847 8994 935 5962
49 3005 9929 720 4546 4419 2972 7160 7210 5312 9471 6925 5166 4843 6369 9301 2240
50 6635 3153 3587 2326 7953 1513 2033 6857 9138 9056 5043 1458 5762
51 9302 632 5686 2391 3625 372 4448 329 3252 9833 2736 259
52 6964 3961 9204 5036 2225 2365 4769 9960 96 7459 3926 3207 5219
53 2676 9108 7840 7865 7723 1551 6057 500 7542 7742 7699 3012
54 6497 6498 2773 8593 1611 6105 5179 5917 29 6157 1440 3544 2012 7162 2892
55 9887 7547 4769 7910 1783 4910 3606 6556 8248 1093 2875 2175 1871 847 7652
56 9376 4913 9079 1230 7909 1398 5350 1554 3819 5022 5531 2572 2058 2699 9533 5446 979 6613
57 4301 3227 7318 2848 1569 8483 9924 9939 1977 2536 7970 1105 9545 7652
58 1847 4649 5422 1942 4327 5351 3312 6517 2147 3973 8954 5555 1670 4093 6445 5866
59 3904 9558 4741 5406 7701 5522 9653 2829 345 5809 2573 2085 2340 4457 3012 4326 3936 5762
60 7116 6132 3900 322 1916 7279 4347 3991 2834 3892 141 2426 3944 935 7438 3877
61 7807 3310 530 6318 29 286 8278 969 9558 8241 8193 4619 8387
62 491 2981 5835 1850 6857 8125 3514 9133 8224 1620 5155 6020 7787
63 4728 8828 2196 2727 5883 8789 9022 3661 6119 3563 6398 8183
64 2939 6550 3703 7775 4710 1698 7493 4445 1335 8817 1072 9330 9295 9270
65 1239 2213 5557 9931 2669 9127 1888 4579 4607 1002 6547 7044 9007 4901
66 1757 3059 2263 6231 243 8889 8186 8461 1764 7490 1723 3830 7762
67 2434 2258 2212 4450 3803 6890 1142 4431 1532 7470 1423 9451 1353 447 1871
68 2610 2741 873 7218 4955 1819 2380 277 6229 2544 7795 2962
69 5007 5078 4322 8805 5595 1928 4743 2550 4721 1299 2109 4786 935 3074
70 694 8280 1682 8467 7228 860 2699 1813 4595 4013 3499 1091 2 3982 7153 935
71 676 1897 4076 7604 7119 7168 7980 999 4294 3067 5992 5122
72 6480 6273 5808 3848 3611 7525 2788 4289 6353 3320 7123 3125 4108 3377 3012
73 4128 1180 5672 4308 9104 8002 7787 8721 4849 9409 116 475 2349 7699 79
74 2757 9367 6135 7910 2913 578 8882 36 3121 5251 9968 9172 7749 7251 7652 3936 5715
75 3130 625 3526 7389 3650 6639 4292 3021 2690 939 6211 3933 7699 7762
76 2903 8513 9898 2693 286 1014 1198 7692 2576 3971 7948 6823 6797 5451 2768 2555
77 6917 3745 838 8101 174 5737 783 7923 5550 5998 7607 8862 3394 3539 9003 4691 4170 7413 1125 3758 6161 5715
78 4859 2070 7122 9693 2368 1200 1549 2566 2127 9688 5871 3012 935
79 3746 8672 2582 582 4133 7187 5143 3285 1865 7761 9649 6693 7 1358 5748 6613 321
80 764 1310 5146 6205 3018 7726 9340 5611 9029 6248 176 7713 7997
81 8311 9505 5797 8925 3864 7573 3169 7603 9282 3987 7491 3776 8268 4528 7361 3463 2240 4909 5412 2962
82 7685 8011 7792 3535 8993 8216 5209 2470 2285 5099 6547 847 6153 3074
83 6010 2160 4541 847 6041 3558 3467 3260 7922 2494 1537 4060 6385 8406 9930
84 4985 3119 8864 6691 7327 4734 2422 3121 6171 3864 7804 4143 1481 9368 7806 5898 9968 6101 5340 321 79
85 588 9073 7155 9770 6985 9737 1093 9705 1603 1477
86 7362 9350 5433 9521 3599 4824 1996 5211 8810 8057 9130 102 6589 9956 4037 8005
87 810 8294 1716 8484 6594 4366 2744 9414 9655 8183 7021 5704 9057 9050 9129 8830 9968
88 524 496 8859 8353 4505 202 915 7306 1683 2203 428 5556 1038 4959
89 2497 6054 9676 9235 3461 6218 2567 6339 2562 3524 9811 5097 5880
90 3785 6832 1637 1807 961 3378 6871 1048 9147 8554 412 838
91 8193 8167 5836 3992 1509 949 6837 7117 4869 4924 2275 8605 442 2189 718 7786 9615 3371 2240
92 1179 1581 6541 9815 5960 1024 9624 7584 8370 4808 1319 6938 7012
93 1161 8880 2515 6717 6341 2466 1170 8680 9413 9703 439 1320 5062 569 9007 5962
94 8295 7747 2779 5622 5722 3660 5011 3412 354 6748 2569 2555
95 1431 5394 1606 210 9505 3392 670 7188 211 273 9650 9694 4527 3376 79 7438
96 4136 8544 6640 3051 1719 648 1622 5375 6743 6116 4332 1914 1888 6258 2240
97 757 5326 242 6027 8357 7112 9305 3095 6686 8822 1020 468 8722 79
98 9366 4390 8305 7901 8014 5847 7980 9796 4521 4463 247 3012
99 9210 2764 461 1835 3807 4209 8445 9710 6003 115 2564 3897 1850 8212 7296
100 6624 5754 9207 6341 3691 2640 4970 2874 3172 2459 5379 4180 4178 8628 4780 8722 9545 979
101 3926 1233 4659 8352 1316 4046 4253 2603 5644 3871 7447 723 120 3958 8922 259 3074
102 7152 4671 3636 214 265 8647 7688 4341 8527 3816 952 5156 9244
103 3080 8787 429 1115 1902 6805 885 1255 9387 9676 7740 7709 1979
104 1032 2395 6452 6646 4103 7122 3074 9900 8748 1106 887 9483 3700 3371 4326
105 360 6259 4066 1352 3334 3887 4124 5012 5744 6762 7984 8928 7296
106 4134 9642 6208 5499 9288 5824 9641 2983 34 7816 828 6955 352
107 5266 8522 8261 5117 9189 3308 5001 134 5557 1032 7925 1476 4786 3111 2327
108 891 8911 5429 5617 1889 4229 8200 8143 6628 8260 6639 7023 7782 7153 8994
109 1479 5182 3450 6631 7274 2398 7014 436 4105 6919 8206 5301 463 8125
110 1567 4808 5141 2948 1686 7355 8443 1581 945 9111 5754 259 8714 1793 4086 3106 1139 3728
111 1195 169 3294 7841 8903 711 4778 5961 9146 5209 4402 6693 759 7880 2986
112 812 4994 8577 8002 6092 1006 8943 1673 2177 4352 2875 3184 5446
113 3722 4530 8080 6042 4880 8508 9529 8408 7606 8188 9722 8033 8337 6049 1611 1668 5339 7880 5677 8227 5446 7240 7652
114 8781 8234 5611 316 8383 6826 9405 970 354 6324 1534 5826 2121 2
115 5407 1327 9499 4542 30 5405 1639 3353 7186 2547 4486 84 1750 8387
116 3298 8023 7784 1541 2118 8866 2458 5056 2671 5917 4020
117 8481 831 1027 8645 1176 1064 8075 6946 6836 7190 1336 583 9654 847 6258 9545 7438
118 4739 9587 4801 1218 3504 5400 8743 5189 4135 8447 8228 9595 8072 4281 5386 2 2555
119 7321 1066 7445 1721 3797 1363 2882 6988 9513 3101 8913 9963 2499 148 2986
120 3649 4986 3755 3774 6572 2796 6924 3351 782 2463 3656 105 7880 2
121 7907 4123 1686 4347 9259 4435 9011 4685 4288 5426 5880
122 9859 7248 7308 8594 4562 539 7377 9482 1436 5140 7949 79
123 2221 5706 3461 4668 8469 8036 304 6879 9569 9241 7087 300 1134
124 5636 7197 6783 8615 752 1271 6457 9156 7170 2598 1348 4754 7413 6534 5762 79 6613
125 8163 6331 212 2771 4675 1627 9752 4971 82 6978 2585 9068 4629 7975 200 8062
126 4888 449 8861 2180 7223 7358 4166 7185 3655 1328 8245 5583 6327 3163
127 4247 4007 347 6934 146 7155 4814 9181 8404 5744 8392 2240
128 6043 7453 2747 333 6523 1253 4042 6784 3281 5302 1686 6790 3612 2288
129 7313 7236 9026 4367 3981 7140 7685 4293 8420 6013 6938 5006 4020 2
130 6350 8361 9706 9283 5017 1212 8640 2909 9292 8703 7208 9451 8140 8134 2
131 7833 5494 1414 2614 1372 5622 8170 653 5393 5652 7201 4988 8105 3012
132 736 868 4159 6123 3776 1595 2227 337 5840 3785 5986 5906 6270 5504 8812 2240
133 8157 4779 4661 2723 9744 3235 6424 5825 1506 307 9355 6412 6401 9019 1276 3905 4823 2986
134 3287 1510 4265 1626 8617 3665 3077 7799 7214 3214 2476 5434 2817 4527
135 9169 364 1359 389 9839 9622 786 9418 7880 2453 2673 5468 6196 8476 6549 3885 5880
136 2844 1476 562 6809 1925 3780 528 6704 8274 3997 2100 7709
137 7870 7559 8807 4739 8213 7816 7196 663 4938 919 5964 8934 1343
138 7144 8464 2379 8982 3338 566 3770 9171 1153 5855 6786 5295
139 1438 1770 2436 4042 6928 8051 2431 3918 1035 3626 4107 9993 8209 2288
140 571 9063 8823 6972 3929 1952 1194 7043 8861 6020 352
141 9215 7968 6925 1327 219 6905 5729 539 3829 5100 7899 4538 1625 6672 9014 9007 2121
142 2089 2130 8174 4585 1633 6030 1770 6176 8307 7274 9999 5595 9837 9023 5341
143 2364 4380 9106 360 1908 8995 132 8596 6560 5836 1299 1414 7296 9008 79
144 1636 1128 3297 8123 9140 9061 1796 4704 8064 1323 4199 8491 321
145 3382 6739 9041 3383 4995 8580 8329 6089 5465 5941 5469 361 1665 210 1383 7210 8332 2292 9007 9374 2240 7883
146 5563 6705 8056 2722 6663 8463 7935 8637 3381 4242 8344 8387 427 2240
147 3537 8581 5282 6931 301 6216 429 4531 961 4761 3885 4065 7734 895 6744 9007 321
148 3502 5181 6279 9641 7069 6529 7535 4995 9739 8042 7575 6827 7517
149 6420 4416 6876 8511 3279 4237 7028 5389 5554 5801 9483 2155 2986 6030 1668 8994
150 6708 6370 4807 4569 6470 8684 6959 5285 7895 319 8814 4838 2061 8431
151 7482 2500 2353 8722 8806 9690 4821 1573 4039 8973 55 1079 6030 7883
152 8224 9858 3608 3232 9686 7065 5691 2835 6320 7066 6991 2650 9139 7713
153 8208 6590 696 6351 1733 64 2186 3397 6606 5534 1299 9197
154 6569 8940 6575 8008 4258 2461 8785 9650 5013 3865 7744 4035 4199
155 6611 4572 5204 2645 6389 3896 8486 2823 2302 3613 7940 2962 3303 6980 3982 9533
156 2044 7627 912 2669 4032 833 4774 1318 1718 5339 3377 7806 9842
157 9196 2958 5121 6899 6961 482 2574 7774 4538 8780 5048 2417 1800 5483 745
158 8109 4142 7591 3610 3907 1752 2308 7318 2005 4665 5049 877 5509 5151 5219
159 696 8033 8074 1987 5075 5442 8906 8281 1766 8967 7874 6889 7429 6613 2288
160 1708 5676 8568 5504 6260 5424 7314 2696 6950 2533 3934 2950 3469 1430
161 102 4291 1267 3277 9167 1000 672 3742 1882 4604 9959 2771 2263 2340 2962
162 3588 8994 4401 1909 5054 9871 2851 8195 2676 7040 3173 571 1309 8817 8052 2085 8125
163 6370 2755 7003 6060 8162 3689 8916 7148 3741 2635 2938 7939 3883 3830 979
164 7797 2327 8904 3481 4478 8954 5611 1201 5287 7213 1348 605 5317 3356 6082 2155
165 3581 233 6503 673 1357 3820 2404 9576 9333 4181 9056 6269 6355 6606 4941 178 2426 6467 3936
166 8758 4370 4558 1163 6385 7400 3194 6917 6005 1734 8125 7258 475 2499 9579
167 740 2818 1964 2401 8594 725 9546 7925 2215 382 1077 9733 395 1934
168 5371 5873 3462 3471 7603 308 2634 4424 9292 6338 2407 259
169 1379 8461 8943 9224 4569 4982 1574 6676 5809 9871 4054 8989 9755 9897 139 2175 2643
170 3152 8986 8240 1081 237 7232 1940 2263 2900 9626 4304 705 935 1287
171 4387 1861 3963 2880 5781 8021 6315 3587 3242 5553 321 935
172 6914 915 4970 1070 751 157 592 6454 9774 7877 1383 4080 8841 2532 5838 2877 8649 3885 5762
173 5957 3683 7789 8363 9014 5683 7642 5308 754 728 1230 7949 8069
174 6201 6478 4304 3770 2834 5578 5460 874 2369 6770 3705 254 1571
175 6542 2509 4344 8099 6507 2902 4496 1052 9243 6362 6270 8105 321
176 4523 1902 6992 7954 5961 4015 8426 202 7307 3896 8814 8387
177 6599 8683 208 8407 3721 3320 3209 5230 2381 9889 2061 3602 6216 8671 5783
178 4819 626 932 9102 9959 674 9764 1357 7525 1835 5408 2536 4597 1246 8994 6351 4985 2
179 2934 5548 2074 9696 4319 3111 963 77 3018 6395 4647 3061 1354 2129 9138 2555
180 8646 7552 1927 3274 4241 5525 3724 4555 544 3188 6187 2437
181 4867 268 4651 2777 5040 2170 9448 6353 6337 9430 9374
182 7044 9867 4827 3104 6379 699 5589 5331 6808 2256 6615 1938 7227 9920 6134 3013 5962 5715
183 6066 8725 9 2457 3350 4292 9350 3005 8571 9032
184 2549 8766 6134 5779 5176 6340 7298 3344 3540 4805 167 1276 8350 6084 3894 745
185 8793 9440 2701 39 9080 760 6763 7363 291 6056 4077 6818 5783 751 9224 9244 7153
186 2804 3841 8738 1215 1555 2584 4294 6224 201 1162 3744 7252 6954 8145 9848 7736
187 5430 3376 4183 8510 4906 3502 8583 1114 2583 2465 2472 3241 6545 9955 7048 6270 7713 1343
188 1838 6166 6794 3182 6748 3037 3454 3193 4588 310 989 3163 5762
189 4583 6410 3140 8436 1007 8514 49 4293 6035 3084 600 4326 5340
190 8098 8714 4094 6952 2844 951 8040 1777 5086 4712 4240 1634 4066 1176 2555
191 7603 8819 4064 5829 6624 6257 621 7009 8267 5445
192 2515 6974 9015 3267 6607 7026 8345 1881 1757 6875 7734 1657 7413 3752 5880
193 5462 5525 732 6428 7617 6167 1602 5741 3117 2498 9503 7469 3368 183
194 3077 3454 2006 8866 6320 5805 165 4512 8231 4230 8084 6718 8298 8212 6537 3877
195 6144 1170 1719 7801 5275 2715 5447 7245 1202 427 4302 2818 3077 6547 4352 2962
196 5972 6594 2730 1342 9512 9440 3987 3537 3358 3392 9372 7601 9453 1348 7434 7732 6054
197 2687 8538 9935 2745 3857 23 4830 4909 1890 6415 7682 9273 5869
198 1456 9808 7965 8368 8178 6763 8664 3394 3003 2643
199 1978 7043 6997 9934 3396 1851 6459 3697 7013 1920 366 2365 7025 1495 4314 4199 5962
200 747 4594 4978 5346 3529 5388 6609 1178 7269 3870 9991 6827
201 7475 4510 2164 9637 7281 7977 4556 6188 5622 6114 6005 2087 6178 9758 3700
202 4284 2099 1715 3057 7883 7601 659 6890 4409 8052 7902 2653 7438
203 2580 3729 8803 9799 6164 8480 8059 1161 4122 1571 259 979
204 1398 6187 6506 2727 6831 9093 4883 2722 7975 6148 6062 9865 4341 7055
205 1590 7567 4560 9204 9123 5195 8728 7076 7061 8498 4170 1668 7153
206 1600 2272 3454 2631 5046 812 2850 5581 4532 5177 1871 1668
207 4851 3805 8187 709 8588 3297 5327 3677 7345 8088 3885 5962
208 6332 6854 2695 9388 9083 9256 9997 8434 4809 2897 7823 6053 7762 79
209 5462 287 7741 4740 3315 7384 2648 2691 7256 6863 8910 4314
210 9108 5533 2644 3583 532 9140 7909 8097 2843 6613 5307 3936
211 8298 9366 7114 2586 1763 5085 381 5400 4968 8678 9537 6369
212 4461 6723 5730 8803 8983 4624 3202 3038 1113 4633 3745 7811 3786 625
213 6420 6640 386 5092 8833 8330 4332 2680 647 6134 9007
214 5503 9768 7137 4924 6752 2845 7322 2872 731 8942 3580 9834 8844 3885 569
215 8138 9959 639 3037 2685 7469 568 5015 6654 437 6503 4378 3877 4901
216 7486 4450 2291 5016 4483 7839 3270 1663 1055 6112 1134 200 569
217 2658 6227 838 2201 433 608 5353 2231 1189 7318
218 9194 8542 5950 9034 5055 7164 8059 493 421 5401 3146 6258 1784
219 6154 8976 9388 6312 3306 788 1935 7362 8265 4223 5748 9444 6863 340 2643 427
220 5486 2997 8899 182 9395 9828 2780 7427 2550 2191 8512 979
221 2008 362 7884 3870 4097 367 5010 2220 7963 8915 2649 3012 3964 8209 447 7762
222 3735 9219 9803 2215 2886 1938 9736 2301 6109 6743 8887 4923
223 9388 5280 1391 529 760 8275 7411 9954 8150 6863 8752 5884 308 379 4749 6716 9040 7504 7426 6101 427
224 1963 2973 2157 4508 7611 1893 9650 5382 2778 3584 4442 7919 6547 79
225 3883 3456 6027 1882 851 8740 7977 6835 6621 5094 1533 3656 8284 9533
226 738 463 2925 4097 1854 6824 1071 4703 9137 5789 5853 1383 8922 7296 6404 3936
227 3978 3867 7674 7969 1636 1224 6433 6321 239 3586 3032
228 5630 8358 7398 498 8718 6776 6064 3971 7034 238 8491
229 9457 4251 6676 4354 4057 3081 6125 4133 1771 8471 8989 5168 989 7185 2288
230 3484 1343 920 4987 7072 9419 1455 8246 8521 9731 5131 9487 200 4199 5340
231 6565 2346 227 7383 4832 4382 2930 219 919 4363 997 1640 8858 9487 761 2158 5715
232 4835 6042 9878 2191 1405 8514 6585 8715 5568 9197 4266 7453 8894 5509 454 9600 1668 8994
233 8147 3429 5715 5161 6877 1652 6502 4319 6417 1323 5415 9715 9048 1273 5862 7852 4311
234 8204 5235 9308 8750 8183 9409 1495 8890 8739 448 9216 950 7438
235 8216 3727 2194 5628 1623 139 1978 9132 140 4140 5032 7542 8948 2859 5838 9842 4377 7949
236 818 400 5861 3619 3806 4623 6242 7358 5741 5520 1428 7481 8716 5307
237 634 9238 5388 2910 3828 9192 2882 7384 8115 2450 7328 7630 7153
238 2495 3789 9248 9823 2432 4304 154 7638 5402 2272 9404
239 191 5561 5502 1586 3210 8460 9526 9705 2225 2191 8958 7110 5702 76 7699
240 8595 3707 7296 6241 2985 8854 2803 2879 27 7999 4576 2318 4277 1668
241 2596 4158 4808 8900 7902 930 7353 2737 210 3735 6335 1888 7226 4437 2327 79
242 247 9148 3172 262 6402 8290 4891 7463 1664 5992 2872 2294 2329 5401 5869 2962
243 7606 142 7149 7676 6848 5023 2536 1614 7517 5032 4412 7762
244 5584 1401 6496 3144 2730 1785 6375 1950 6647 9770 3762 1958 5447 6364 6325 5747 8644 9199
245 2082 9895 7231 5858 809 6872 9060 9470 7624 4901 756 7929
246 2119 5296 1040 3667 8831 5917 2343 6260 2183 7923 9440 4934 746 935
247 5920 2962 5069 7364 8785 3336 6951 5711 2878 6172 2613 1937 2128
248 7248 8514 288 2562 1732 3884 2614 7648 1798 2739
249 6195 6066 2776 5897 5073 1081 8574 9966 9585 5138 5895 603 2732 2699
250 5850 7353 8665 276 6287 2029 1639 9700 7945 9462 1665 6021 8644 5677
251 8092 138 357 5963 8571 8188 7042 4284 6562 8169 7338 8595 1122 5019 7240 5543 4855 2643
252 7870 8627 6908 2126 3715 5119 7110 338 7276 3168 9510 3758 8994 3894
253 7495 5663 5112 2494 325 7021 6105 5675 788 2802 8572 8081 850 3630 8130
254 7903 5202 2258 8904 72 5232 7771 3995 1737 392 4651 3048 6355 7413 4035 5962
255 3114 1316 2160 5842 9651 6012 2977 8435 9303 7575
256 9648 191 4558 8400 2749 6777 7917 9821 9076 5805 7240 3012
257 8566 9125 4559 5529 2992 9477 8367 2825 2803 8977 7758 9931 4803 6938 1774 8994 6613
258 1767 8699 4908 7811 8758 3262 5601 9128 924 9344 3434 1534 7883 5458
259 1548 4238 8965 1991 4013 2703 611 6858 4533 6141 450 3543
260 7718 9798 6507 3649 1867 8221 5554 3895 4402 4806 7415 6381 4913 369
261 6961 7371 5360 1809 2351 8960 1883 6275 3648 6652 1348 3232
262 5601 2076 7327 493 6316 4081 3720 9707 3019
263 9566 7489 9711 6961 3404 2462 9800 3943 7174 3438 4899 1391 3877 3053 9301 6054 8130 9533
264 3217 2190 6349 4693 6037 3747 9031 727 4703 418 2595 2413 3012
265 7118 4496 2746 9811 4906 9634 5193 316 4073 7110 5895 3757 4801 3363 9013 9007 1668
266 7105 3762 1676 4632 8068 1322 6529 1528 9855 593 8800 4463 3894 3103
267 3283 3210 1109 8302 6918 7818 9529 8487 1006 1223 2735 3383 3238 2240 4531 2962
268 4225 3602 6034 9637 9327 3642 243 1136 2037 9785 5786 6170 3286 6035 574 8209 5437 7652
269 1004 2823 7448 8073 8743 8471 559 4540 734 7986 8306 5234 3147 8531 1668
270 3523 2140 3538 3759 65 3306 4189 4870 1303 8683 9191 1105
271 5428 6586 318 5283 2935 631 3037 7663 643 5607 1678
272 7641 750 5146 949 1078 735 2389 8457 6232 3796 4039 8896
273 8085 9502 2630 8054 8410 7208 6468 9508 336 5929 992 3079 5038 8990 541 3936 8043 5715 447
274 9466 1097 7058 7999 2959 8543 6826 6231 2412 7 1353 1984
275 5831 4848 8431 5126 7340 6209 7792 4260 1788 5204 7679 981 3043
276 2441 5492 5153 735 2871 1078 3056 2694 1364 805 4638 3537 1380 2595 2288 6538
277 7480 8923 8965 155 8225 5477 2202 9226 9524 3050 4033 7528 3195 6891 5248 3584 7699 9244
278 7171 6931 62 7947 6072 5479 2314 6684 8233 732 79 9968
279 8808 6509 52 7516 3450 1309 282 6825 1942 8029 5426 1611 1956 9301
280 7063 3758 5127 3054 2506 5331 5679 4635 3977 503 8975 273 4214 9412 7219 647 745
281 4965 9199 5726 8768 2951 9899 1621 4159 5251 3409 7853 5810 329 4334 8708 1547 1079
282 4242 8113 3947 6423 7888 3586 657 4116 5883 799 1708 6465 7880 3543
283 1972 2017 4243 7615 8619 9172 9398 4414 6667 9667 8615 667 587 7167 6187 3877 6938
284 4431 573 972 6626 5396 8523 1677 3714 6666 6886 9593 9392 3835 2404 9265
285 5152 8303 5345 9671 3664 2120 1063 9757 4591 4565 3086 8175 398 554 9688 2
286 9725 2386 3973 5587 4857 1302 1307 9294 2531 5216 3706 9453
287 9820 6573 1445 7062 82 5715 3846 594 2148 834 5829 6045 4463 1638 9443
288 6269 9734 4944 6882 2296 8520 5178 9262 5359 1297 724 7290 1746 5177 4027 9133 5948 2240 1534
289 5179 759 2640 9539 3710 6896 4253 270 5766 3447 4671 5517 8989 867 8716 9139
290 6258 5929 3776 7506 6000 1479 9315 7680 8511 9304 9805 4704 7082 7602 8293
291 8389 8016 8172 1007 8626 5515 9295 5983 8390 2401 538 9230 3261 8005 321
292 7817 3600 5041 3387 1666 5073 2418 1165 8405 712 4326 76 321 4855
293 1304 5093 5666 1906 366 1517 4851 1717 6467 9733 7001 8722
294 4326 6579 5085 761 9258 2354 3724 6681 1021 5905 2803 6673 1336 5064 1774
295 5450 8391 1948 9716 6888 3028 7406 6260 6523 4766 6958 502 3739 2393 9545
296 4568 2919 6690 2475 97 3843 9378 5414 6191 6737 946 5029 9600 1668 2555
297 6972 1626 4121 2872 5697 7104 5131 3095 4325 8610 8269 6216 4176
298 956 9835 8051 9602 4140 2688 2644 4387 8747 9146 1583 3119 3320 4855 3894 6938
299 293 946 8163 8041 7114 3682 2977 9554 7261 8520 1542 9733 2327 2121
300 2296 7484 4763 6522 5148 5580 2279 3189 8288 8140 7367 9968 2962
301 4558 8851 7404 9085 8898 5582 822 3565 3840 6039 9571 5258 7029 687 6390 847 7652
302 2545 3442 1674 297 4417 7967 6492 7635 5923 1734 4301 3781 3240 8470
303 8984 5789 4118 3963 814 5626 6587 7121 8410 2900 4963 6487 5880
304 8014 7239 1289 341 4915 9706 7290 2430 5862 9895 7556 6437 5084 9370 7069 6428 7055 3836 935 3012 79
305 5533 9529 3048 5960 2103 8944 9352 9674 1522 5749 9316 1705 1984 7759
306 5338 7545 6038 4749 6851 3614 4992 2614 4158 6558 1571 7204 7659 2533 5917
307 9568 7424 1457 4434 366 2458 1435 8213 1878 7815 7213 4431 2175 5445 6584
308 3723 9184 1639 4393 765 4225 8432 3764 5757 7362 9608 8043 3074
309 6342 3999 5427 2203 7875 3419 2952 8953 8000 9646 4176 477 3012
310 8106 4841 5607 9882 9348 1695 6514 6730 3227 3002 5565 4878 7058 4055 8269 2904 7762
311 1893 3094 3068 2289 6234 8199 9018 3132 6903 3363
312 5659 4508 5540 4071 1618 6878 7155 8440 3657 1437 9834 4901 3936
313 0 1827 8067 7131 544 6018 1311 1840 5750 2400 1149 2491 6258 3894
314 6181 4929 2920 3962 2521 1821 5578 7215 6025 1607 6938
315 5606 1171 8664 2206 9941 7525 1657 3747 337 5285 8618 8125
316 7289 9993 9604 1577 9511 4107 2460 5044 7414 6935 7087 3653 8689 4988 9787 5109 8021 4698 3836 6327
317 1111 5395 8579 624 5864 9738 1379 320 8010 8614 6258 9842
318 6345 500 3318 7197 1581 4461 8818 7020 6115 2288
319 4840 5363 9618 7306 5083 2868 9044 9259 3762 1309 6189 7489 7185 8238 4624 2986
320 4662 6132 7143 2476 482 3946 9627 5707 3902 3016 6189 5885 2668 5064
321 6540 3153 4421 7426 7164 3229 2501 5885 7676 7169 7237 9703 2296 8947 3316 3103
322 8625 3064 574 3015 8966 4175 936 4296 5193 3463 4008 7235 7578 1721 4626 3753 7762 935
323 6439 1639 8597 2234 9711 6706 8987 41 376 5300 9367 7060 702 650 2555
324 9161 854 6143 2017 7943 8744 4896 5359 1777 7003 566 2538 9139
325 2479 2548 2236 5208 7467 5764 3853 8674 2499 7340 6625 8605 1763 1668 6327
326 1577 6033 5409 5228 6695 4489 1762 8785 5705 9313 8942 5445
327 6492 8586 7543 4347 5182 4386 9348 5856 8117 7730 8388 8749 8462 2666 6613
328 7510 7741 3288 1793 8469 2187 7909 9809 1625 2946 220 9848 8005
329 3980 5093 5537 6656 1678 66 1588 5025 4456 9816 7664 753 2962
330 7233 5548 8861 655 7629 2062 9172 3333 4856 1017 7937 3747 6153 79
331 8609 616 372 1657 4214 1158 1930 3390 6103 2702 1070 3418 7443 552 1984 5962 8994 2 7153
332 4083 2055 9657 193 6447 2372 6302 1882 4466 3188 2873 8130 427
333 3594 7090 8779 8735 2406 7956 2143 4645 8650 2329 4463 9965 3304 2555
334 2469 4186 9475 2161 2436 7609 7776 7927 3584 7652 2962
335 7409 8732 4270 6105 6507 5447 2585 3855 6778 7747 5477 425 7526 7351 7545 1979 8293
336 83 6587 263 7901 8173 715 53 8920 1630 5964 4253 2199 3363 3877
337 6055 2530 242 6841 9370 7121 8424 2314 8343 6986 7153 2240
338 7965 5389 7693 5873 8898 802 7972 3267 3389 3332 3683 2721 1080 5523 6334 3982
339 7859 6717 1423 7688 2120 7591 91 7461 5290 6521 6588 4757 4511 3032 8711 7296
340 7223 3815 6616 9189 6720 7038 8710 9526 5867 9485 8810 9573 9007
341 6338 1927 7638 8258 4485 3525 8717 8613 3595 7736 6101 7949
342 4010 5242 2296 4243 4972 9889 7037 2552 8467 8133 7294 3014 8864 8920 6534
343 9657 6522 4255 8653 2138 3442 3714 3867 1695 7684 9003 1150 9842
344 3824 1044 5466 3542 3005 8768 3202 2281 5886 516 949 2670 3877 2240
345 5393 7193 8587 3812 4253 4871 9997 5246 390 6878 8156 6180 8336 780 3801 4199 321
346 5240 741 5553 2169 2457 1785 6063 5158 8264 4778 9830 3374 3885 3074 5715
347 7522 9510 240 5152 8143 2290 1115 4830 2781 8905 2155 7575 8125
348 1448 2068 4513 5533 5731 2998 854 7195 9311 5029 7949
349 4349 3171 6158 7843 8629 9064 6017 4086 7234 1841 9178 9930
350 4023 8681 3764 7763 2111 6846 9508 6964 3820 476 79
351 8136 7206 3340 9776 2240 1740 3681 9414 513 5534 4464 141 4736 5693 1052 218 7353 5185 3144 3905 9215 4326
352 3501 1108 335 4381 6861 9331 2967 2556 477
353 1319 2987 6762 199 8882 8167 1694 828 6758 8319 7595 3778 2485 5360 5038 4364
354 5660 2000 1620 1693 8331 4181 9577 6971 5163 2006 5962 3064 5925 9533 4035
355 9459 5293 7861 3829 2742 5187 8647 1637 9238 8159 7606 3077 7438
356 5624 8272 644 7770 9081 7655 5456 5881 4444 2583 745
357 7086 3340 1226 3586 6434 1408 6205 2229 4553 1071 2278 5422 8090 2325 2943
358 2433 4187 6115 42 2798 1558 490 4194 6379 1702 7874
359 2125 8964 8308 7413 8850 416 877 1407 5701 2590 7268 7219 9007 7762
360 6456 1180 2611 7043 1943 1376 766 8796 3744 6588 8462 7713
361 9791 847 1765 4761 4795 1410 6278 8337 2249 6546 3937 2190 4824 427
362 1151 706 1146 9700 4018 9266 6103 4837 8507 6401
363 1034 4891 1291 6862 7743 1540 5547 8794 503 7797 1195 2798 7751 5779 1981 5504 1429 321
364 9317 8972 89 1236 6133 4998 524 3486 7772 6698 1091 5220 2628 7254 2121
365 1902 4439 348 882 1294 142 4394 9437 259 4340 9533 2288
366 3211 27 3122 7073 8018 7697 4577 7577 7307 9065 6331 5846 6404
367 9862 9134 4942 1219 9407 7556 3152 172 219 4059 9133 9241 8814 399 3240 4901 7699
368 3404 3363 3126 2109 2197 7884 5797 2396 3230 2609 4298 2424 703 2404 4884 4457 3894
369 3476 5765 5560 6720 4032 863 3074 8464 1423 8546 720 3784 2643 2555
370 9933 5909 29 7492 2780 4341 2506 417 4185 178 1650 5005 6101 4855
371 2129 3536 6823 8999 1789 7962 2385 336 4996 4035
372 2483 640 1091 4797 6974 5508 3414 6609 8334 5562 4242 300
373 3604 8588 196 1851 734 4237 6183 7843 8410 6739 9075 1763 6613 2962 79
374 4671 1443 4620 8637 4357 7660 3244 3837 8247 8459 2796 4913 5507
375 9274 8831 8032 3404 3793 7625 2998 5127 175 8111 7652
376 4580 9087 5679 550 62 7513 3851 2485 9389 9407 8090 8419 5229 6953 5902 5437 3673 9199 9968
377 8501 650 1361 9816 5240 8734 1586 8302 7118 8276 1576 674 4787 1429
378 2858 7194 1451 4151 917 9597 6546 2689 5666 907 3784 7938 6963
379 6022 3783 7859 5347 4777 1882 5437 8815 6715 8630 8140 5867 3401 2429 6879 6296 1256 6613
380 5347 8359 473 4191 7561 9318 3775 1075 639 9721 8352 3087 2704 6447 3982
381 1562 1046 5468 7163 2152 1509 3888 9131 9843 9685 3802 7285
382 7066 1773 6953 6478 3879 5680 311 1298 165 3286 5571 5429 6170 1774 7709 9075
383 2013 2500 9409 2818 8767 3113 3616 600 4364 5000 9593 9167 1509 8074 2464 977 8644 7153
384 4147 4696 7218 8384 8275 734 8297 3125 8416 5958 2392 9255 6149 3158
385 6231 1150 1134 1309 7377 4201 575 5582 2976 5418 701 3338 7192 1366 3316
386 5359 649 142 5401 4596 5919 7042 5574 8934 1386 4211 9276 1287 4953 6454 8462 6458 1763 5437
387 8276 9954 1205 4111 5446 1416 7043 3348 2542 3038 9609 9688
388 457 20 955 9244 3370 8186 3376 8253 8779 2030 6646 5119 4517 7513 2962 9968
389 5348 3126 1420 4178 8004 3841 3001 5787 8120 3042 276 190 5451
390 8707 8604 7111 3797 1663 7926 3666 8004 3634 1467 8780 6672 9467 2 3074
391 5690 686 1195 7251 538 2235 9926 4851 6654 4551 6127 7662 4912 1774
392 1572 605 4599 3126 6616 1954 2885 828 9102 2329 5708 4939 4558 8812 3936
393 5710 8960 996 302 5941 1834 8413 7629 98 3069 3376 2 3894
394 6709 7738 6794 3655 9695 2415 3860 8763 4402 9465 321 8491
395 3727 2371 5825 2963 7028 9263 7987 8195 6757 6357 4148 220 858 1383 3427 4664 3894
396 2824 2274 5549 3135 9001 4763 7215 6774 2071 1296 1302 3837 2858 7413
397 720 5816 4716 3563 2077 9511 7800 1280 4835 884 7386 1871 9510 4855
398 9864 2837 8241 1386 6541 147 2709 5144 6102 7889 716 4985 5869 7088
399 117 8624 6912 3426 618 8659 5403 5398 9781 9543 2409
400 7425 4099 1598 2037 71 814 6568 2992 4307 3424 1722 4612 3379 1670
401 8281 7543 5008 7426 4271 7025 7393 9488 656 9611 650 7709
402 3193 4470 3739 4531 9760 8673 1307 8011 7721 1130 1629 8753 2155 5097 2962 7652
403 7690 5345 9450 4356 9959 9087 7965 2915 8699 5271 7642 6560 6387 8644 3074
404 2751 5683 1028 1982 214 7317 1157 2868 5400 5373 1183 5583 7762
405 6881 5915 8444 741 852 3644 2055 268 2710 8840 5639 6428 3012
406 3216 3600 16 6348 4400 4819 8876 8070 9045 4486 1811 5797 9265 4912 6635 9007
407 8858 4911 7523 9948 940 7976 8159 6948 5003 2986
408 1049 5350 3978 2341 4084 660 9044 1672 491 4559 7482 843 4035 6938
409 6637 2342 131 6290 3418 4591 8744 3693 2896 1758 2701 4985 7762
410 2491 1220 9266 7484 7330 6062 1735 5776 4426 5007 3965 9374 6482 2892 3936
411 265 7779 8272 4997 2113 3132 3748 2759 9899 4917 3284 4797 3023 1125
412 9626 258 1682 3333 9035 9159 3524 230 3263 7585 5783
413 6471 4557 7075 8698 2508 29 9329 8010 5490 362 1009 7234 1429 5307 9842 321
414 5283 4466 3018 6096 5536 9851 1485 9732 9763 6650 374 5412
415 312 5466 133 9798 5933 9537 6345 6121 9088 8287 4421 8331 9573 6020 9968 4020
416 3415 5956 7078 1280 675 5705 8741 7852 4475 8236 8430 2998 5326 321
417 3416 7117 3243 6548 8105 1799 888 4887 3193 7474 7754 3351 7916 2555
418 4014 1238 1242 8742 4829 3251 421 6102 9206 8743 265 8675 8243 2611 6020 3074 8491
419 4088 3158 4825 2628 3628 166 9061 33 328 8535 1929 4901 427
420 9831 4550 5389 7249 368 845 1317 2864 7659 3388 2138 4457
421 3977 5155 9233 5656 1632 5899 9931 6221 151 4485 9482 6511 3398 8480 8119 7234 4501 3240 6982 3894 321
422 8952 8739 2745 70 10 6175 2176 7304 4257 4849 5379 8921 2546 8116
423 3097 6665 9196 9397 8272 3873 9905 9274 1822 3748 2795 199 6967
424 2503 6027 5335 658 2993 6740 9956 5186 2785 7713 3364
425 4252 84 8010 9247 6196 213 4280 9028 3508 5045 6437 2313 7329 870 7912 3154 1328 2240 5412 2288 321
426 5429 1558 7288 16 8722 9933 3895 6606 9067 1648 2673 5738 3876 7575
427 4995 6722 8033 1164 5431 7827 6840 206 4437 3536 9928 8786 5386 9129
428 2519 6439 7715 8786 7114 3132 9820 1345 7946 2657 9898 6028 647 2288
429 9588 2602 3362 8399 1259 4029 5991 844 8264 8387 8580 1625 2986 9533 6547
430 3525 955 7628 9527 3464 7125 1431 1250 9557 4263 2773 79 8125
431 6058 1010 3643 9493 7784 9532 3469 1146 4867 7044 6327
432 8443 1710 6793 7974 913 4791 7087 7265 6232 2059 8390 5966 4624 5643 1668
433 5407 9239 844 9060 2155 1000 7543 6524 2655 7078 4693 2186 3982 5251 2327
434 7430 4195 3510 652 3739 9159 5804 6601 7197 5155 3336 7480 7 585 1299 8491
435 4326 1535 4791 5958 4722 6048 8445 448 2447 9845 86 7924 2465 1752 4314
436 638 9094 2015 3940 345 4073 6119 3149 8638 5017 2822 148 7652
437 6531 5686 4264 1515 491 9388 9667 8741 3009 4076 5329 9199
438 7770 2938 2741 7681 5754 8425 5310 2927 894 1952 3253 8806 1246 2191 6545 3783 1668
439 9732 9691 8682 8943 7173 1098 7737 8213 6828 4873 6550
440 2925 8145 516 5661 5614 2985 2483 6895 8424 9531 6952 3030 7004 3584 2704
441 4089 2805 9137 144 7155 8240 4477 1881 9948 6909 4035 2962
442 3959 1044 8081 4674 6095 2922 7741 6413 4522 5515 8391 5603 2867 7429 6082 979 5412
443 2638 8739 9281 5195 9593 7229 9459 71 4961 550 9007
444 1285 136 5887 2706 5075 3017 6691 9360 827 8523 1139 4340 511 2555 1668 2240
445 6179 1902 3605 4041 9604 339 725 947 9292 259 8134 9265 4199
446 9067 794 2169 3280 580 8015 3561 1248 3284 4444 3316 1301 5757 2744 5609 3982 8387 3894
447 2860 5958 1567 5257 9636 3378 7569 3147 174 9392 9526 8632 4558 9215
448 9126 3886 5310 240 1335 8225 4582 5886 6834 6554 2264
449 7233 7167 2169 6000 4936 863 7022 9415 2734 620 6799 8332 7204 3111 2555
450 5103 9638 9839 6265 6911 5965 4203 6116 8408 6502 5473 332 979
451 9229 8061 4328 3707 2403 992 2971 8743 8898 3373 9228 1246 2904 6101
452 2707 250 9093 3015 5880 6115 5146 3772 8429 7279 94 108 2895 5634 1208 1839 5794 7949 1299
453 1790 6507 4310 1181 9784 3768 395 7414 6176 9818 6464 8196 8522 8358 2904 5458 7732
454 6577 273 661 4287 6461 7837 9781 1903 9318 8522
455 5693 5143 8263 9004 4892 6405 7350 1892 6721 5661 587 3708 7302 8328 139 9968
456 2061 7130 540 6476 3392 3908 8385 8897 6387 2939 9159 9036 5437 8994
457 9986 7362 638 4994 3297 9445 8391 8720 267 4071 798 2278 2450 7454 8982 3885 5869 2340 321
458 5419 3324 510 7567 9930 9094 7221 2754 5230 9474 9547 7598 5543 7652 3012
459 2417 8376 4331 6563 4182 915 4172 2245 760 5871 9013
460 9321 7775 7465 6793 8600 7883 7216 8375 3195 3018 662 2405 3653 8728 8153 1020 7997 2615
461 1394 8781 173 1556 6845 2786 918 6282 6544 3153 9485 4985 3836
462 6609 5503 9445 7544 5665 572 2169 955 1075 6364 4636 6281 6608 9244
463 5880 4189 1908 9242 3645 8701 8774 6368 611 9027 7949 7153
464 7249 7058 8461 8776 8773 712 8536 9250 1689 8221 60 3728
465 5332 5661 9429 8219 2133 765 8118 7967 7412 6698 9129 9842
466 6275 8980 4484 8060 9342 2492 4822 7796 8389 1356 8196 2014 7438 5715
467 624 3716 9988 6008 3609 1191 9458 7459 2485 2462 8279 153 8911 8495 2192 2707
468 1302 1435 9702 226 2504 976 8152 7442 5815 3543
469 9711 3541 5392 315 4137 8241 9170 7947 6311 7147 6538 4909 8212
470 3121 9683 5442 8413 1574 7698 6937 3548 2071 4597 385 7914 4583 1950 9139 5412
471 7239 4688 1637 9420 2417 4752 1424 8458 5192 8878 9547 5206 9224 9565 5869 3936
472 3928 8287 6780 6637 2078 9147 4124 2206 8676 8029 8185 444 2643
473 2590 5027 7941 5135 6686 8131 9726 2454 4279 436 367 1979 2555 5445 3543
474 5734 6078 3230 5078 3275 1351 1078 5825 3615 7660 8057 5950 9709 412
475 6076 2225 6213 2703 3041 2272 7391 3791 4462 1761 7699 9545
476 7885 9312 6713 3573 296 3821 4901 2770 5567 9716 6641 5639 5930 476 9598 5248 3758 4199
477 4837 2830 1349 2188 4123 3923 6488 9450 4079 4667 7162 3048 1205 6134 745
478 5677 8992 9463 2896 1682 7893 5526 2623 1521 4907 4736 9364 7713 8668 8845 2150 2327 8994
479 6880 205 7991 3812 1625 6378 901 6554 7567 4396 3966 468 5070 3128 7360 1407 6537 1774
480 9305 9366 810 5637 452 9664 5691 3908 8526 4901 7429 2240
481 8295 9047 441 3031 4693 1565 3014 864 2082 9101 9834 2979 7153
482 2215 4646 9675 6309 6491 5859 318 4318 8718 8994 2555
483 1047 535 6691 2953 8949 4561 2547 2996 9953 3362 3625 7285 2 79
484 798 7503 5322 5485 2286 9522 4045 679 6457 1773 1574 2572 7314 1912 9139 7219
485 1628 360 3031 4483 7401 9666 3846 6144 6286 4904 4159 7133 7699 5962 321
486 5662 7643 5043 8307 4743 5312 1409 8004 7537 9728 7770 2228 1135 8028 8069 3074
487 2224 9395 8793 2923 2101 7117 1613 6264 5125 9676 6167 2419 3837 9580 5006 6101 9533
488 5997 3035 3097 4755 8384 136 137 6065 2233 7218 956 2182 9566 6547 9592 8491 4282 7880 8227 4091 9968
489 7904 2228 7500 6762 8081 9640 876 8924 2385 895 1229 1432 6918 8585 7537 1058 7709
490 7736 5277 9823 6144 3715 773 1352 88 6429 9389 5610 5013 5738 3386
491 5384 6694 5546 7121 2357 3422 2683 8869 2871 1692 4087 820 2013
492 4474 2796 4241 1945 3989 9654 8211 2256 291 1604 4965 419 575 8918 8451 4326 4399 979
493 5024 587 9715 4775 1096 2563 4560 3505 1454
494 9673 5525 1555 8457 8097 8704 3293 1742 3419 5521 9381 1043 7153 5715
495 1282 7581 8960 1558 7921 8038 2967 7879 9989 5386
496 7134 2981 5649 3672 6444 1881 7755 4708 3692 6608 7659 3944
497 7804 2815 1745 3291 2701 1331 4688 7113 2887 3914 7762
498 2730 3895 6501 7837 9069 7860 7986 1325 2426 3726 766 8033 1997
499 6917 645 9675 953 3988 479 2494 2892 8914 1646 3077 8125 7949
