100
0 1808 76 1828 141 3814 315 158 1694 815 238 37 81 25 8461 1110 349 7431 1776 4329 452 7266 408 1017 103 8871 31 2594 9 322 92 250 3977
1 25 3053 6614 1710 8949 251 435 42 3900 6779 4048 19 6052 14 665 13 3274 67 7818 96 97 91 6890 9 243 949 2498 6045 65 2218 12 8629 138
2 7 11 0 1 412 456 2883 82 21 18 25 2458 23 9 4 13 168 2025 268 77 3 2 16 10 4859 85 5724 1148 5 619 1304 2683 2848 797 3975 1502
3 9 8733 68 244 433 11 0 81 4 4138 5350 2 3 21 207 33 161 1130 10 12 1593 651 2657 75 173 197 134 18 499 7 28 273 19 1888 554
4 2098 3056 503 7687 76 676 941 1582 2088 105 381 8401 14 9493 91 144 2702 173 147 6 467 2052 45 397 54 6171 244 145 118 7895 243 120 155
5 7 1966 10 8 332 116 2 5014 0 164 2498 112 454 117 15 5 9 14 72 77 75 94 56 1 1209 2091 1610 186 5893 759 20 3 4278 933 37 135 346 155 1310
6 62 19 247 5154 39 210 1039 214 11 1 137 250 0 280 23 3 7606 516 27 18 935 655 88 1913 218 20 2051 44 179 8114 50 82 799 1591 3756
7 96 0 2 49 2385 6 1 3223 5 15 40 28 442 22 3 1071 7 258 11 264 24 21 462 612 205 47 6160 10 4479 8 2209 4 173 655 229 155 2045 621 1310
8 278 1 25 0 9903 464 58 1403 22 430 178 37 5519 2 323 5361 4 46 364 41 1311 9 831 5515 1572 11 5 21 700 180 7269 6359 123 3198 50 1495 27 1290
9 56 660 3100 135 6 3249 425 8 409 53 88 5641 41 951 10 9 101 2973 51 2158 2079 19 162 70 5063 232 122 52 20 1368 307 9442 1 227 15 340 6234 290 7147 1554 784 138 554
10 652 19 94 12 14 1 1079 75 131 41 44 4386 7 36 28 1963 934 715 163 2453 43 143 1132 1158 22 46 571 114 65 168 3 17 243 3008 5926 1737
11 4 3 1 0 651 663 12 9 13 8088 2 65 5 112 167 21 84 323 4370 22 769 2665 15 75 1011 3003 111 164 203 55 1017 5275 443 1595 31 2591
12 1 1251 322 94 117 3 2 701 0 29 6042 189 56 99 11 45 28 300 154 13 6 9 2757 116 2128 5762 796 16 4 82 118 14 166 120 554 1502 1310
13 6 109 2546 8 0 10 4 342 9677 12 1 9 2 74 409 1293 13 5 463 249 807 226 36 1490 21 14 22 1859 757 3 127 27 69 2579 176 1610 1482 7242 2264
14 4752 31 21 1590 5222 7 380 6 936 167 51 331 175 50 3548 948 760 396 398 6571 73 22 475 4895 294 66 24 1587 151 10 666 5845 2604 9559
15 3 0 5 2065 1161 233 8 19 2 14 1489 39 206 9021 43 6 280 123 15 1245 9357 83 153 6438 329 63 104 428 323 1 127 183 197 402 332 138 1263
16 1100 87 246 4362 2983 1021 332 9471 2967 9 37 1754 1959 6662 130 1748 1985 76 41 7367 63 6097 6696 51 12 706 2096 715 288 36 314 8938 355 176 4023
17 1545 891 30 14 1518 633 247 37 83 178 150 112 17 3735 510 46 93 165 79 7 22 29 5278 215 318 8015 602 2809 87 418 195 176 19 285 2955 6049
18 169 546 21 632 26 7593 486 3813 66 4964 7 113 204 3249 936 884 25 750 24 3499 3059 5 1481 31 1071 2688 15 979 566 130 6475 879 325 301 5381
19 31 1 203 9 24 17 4430 6697 0 6 4 346 91 2 20 3699 533 11 5 602 9053 529 23 8488 1011 4526 7 7387 142 12 539 16 2911 468 155 859
20 356 11 662 14 64 495 107 2 1841 16 32 3 770 1 23 17 6 4 0 5 87 919 62 1373 5672 118 1058 27 454 43 75 490 284 1169 583 69 176 155
21 0 439 48 452 262 5 11 3016 284 9 1 202 7574 1846 109 28 4790 3692 582 12 37 124 278 96 74 4821 1740 71 8 3700 1958
22 73 0 23 859 4 1024 6599 16 137 9547 69 2 41 1 111 3 37 6035 65 1563 7 389 2878 244 34 6 14 110 89 2160 54 156 157 822 6379 252
23 125 725 8601 6408 93 226 35 3843 6238 225 2187 156 1429 64 39 1728 11 16 1264 1078 112 1566 33 216 2295 4973 2479 902 424 14 2202 9 82 3158
24 32 0 16 1 8 330 186 23 40 5 391 3 11 62 4 12 3301 2 183 1217 108 181 8843 21 19 59 112 25 641 4908 2431 2282 1954 27 155 7
25 2191 952 106 602 6943 113 44 230 1126 201 2494 5532 65 2685 1328 425 14 577 46 2321 283 7706 2737 33 83 479 227 241 252
26 28 1436 9798 2844 222 0 12 6249 4 587 5027 289 8 13 258 1 1816 2333 5893 189 2 4807 4335 38 493 3 76 19 249 68 59 187 1951 624
27 0 431 12 3 6 5 414 4584 121 45 1 33 158 2805 9 343 10 809 5492 102 35 132 59 4 2033 626 52 76 2 34 501 9896 155
28 645 1663 217 209 860 4596 168 975 688 2593 264 608 8355 1700 7854 32 2156 434 5792 1000 8875 43 196 134 2048 121 232 960 146 114 63 58 2955
29 2684 0 38 67 1 41 1389 350 74 5020 84 11 4848 303 6031 391 37 5 1099 143 29 3 2212 119 848 807 2 26 4 180 170 118 15 448 671 30 5429 69 1315 485 554 4371
30 1363 4 33 2 26 1390 836 12 2950 6 2628 559 9086 5638 1041 4372 628 142 13 8365 338 419 505 0 224 169 101 476 19 234 625 28 2848 155
31 4604 43 202 6705 117 214 31 1 1051 88 39 25 256 597 15 678 2951 7 4089 6 6044 26 498 694 108 263 1088 131 102 2076 7624 155
32 281 0 6 113 1 180 81 4 1368 2 5 34 505 2715 9 3 186 47 104 11 4227 7 3596 49 709 18 2938 4040 176 138 3923 155 3849
33 22 52 54 7 0 138 103 405 3476 3679 284 2114 87 4 1 20 186 45 6 2521 602 3 2250 36 106 178 49 188 5 3600 225 864 204 6656 708
34 3140 10 322 19 1372 412 0 6755 395 62 2 6 15 18 51 514 866 16 817 594 54 106 1233 363 1 69 4659 57 17 6130 3 7 371 968 1737
35 14 108 64 35 51 7718 235 3236 24 8 1752 7970 259 476 25 2239 483 1074 1909 5221 6012 344 7 4164 137 55 471 44 529 52 836 316 27 229
36 24 1141 1922 1102 723 77 556 1340 134 25 96 1990 353 989 157 309 5001 6980 805 412 3535 161 26 280 659 501 12 979 3374 3194 84 9040 65 28 1638 482
37 526 2 3 105 412 68 20 210 125 9562 1481 32 97 566 4 379 336 158 1168 3317 160 231 41 1576 1919 275 2929 1296 17 1243 5597 2430 120 121
38 399 73 30 8444 364 71 24 165 8948 715 1424 60 13 718 101 590 1456 105 906 170 147 768 257 2696 6166 15 1073 1329 65 1334
39 17 2125 71 4 250 896 23 373 2143 88 26 6510 70 421 44 192 1973 506 335 41 12 8735 393 1082 140 678 906 1739 8 136 38 32 245 30 273 468 138 1671
40 47 0 3 2 26 1583 21 45 4 117 5 100 6025 3915 1 12 672 7777 1503 42 17 29 1991 19 77 24 68 956 8 1591 5778 331 7347 9 1263
41 5038 1 12 2 20 71 0 64 52 1516 5737 4 156 50 11 722 3 6538 1706 136 2344 807 14 83 7 9566 218 9 9652 554 3053 372 8 2076 1679 138 900 1173
42 0 3 131 73 1 27 94 2 8 2400 8931 164 25 800 4 26 15 6 603 1516 546 284 1664 4537 529 411 88 9567 1224 5 29 38 81 180 2291 609 19 1365 4977
43 609 99 0 5 2 11 4680 46 1 10 71 6 380 3 15 1232 115 37 5479 8512 109 17 8 382 224 3528 23 57 1866 16 187 197 5554
44 9 33 0 13 1 6643 48 3 7192 5 962 2406 54 3972 21 6 42 50 25 15 5034 11 209 27 53 32 4938 6992 791 63 4 1954
45 4253 5 0 1 5226 425 99 1148 156 21 4 12 35 2 161 2135 6689 225 26 656 13 1456 830 7 724 219 2052 2812 1865 2652 2735 37 900 708
46 6169 0 9 83 53 1502 15 111 778 6 4152 118 2 9902 4704 1107 1340 412 117 38 70 8 4 1696 142 1 3 88 1704 7 788 1805 69 50 63 8160 733 90 58 708 2818 5482
47 225 229 61 845 0 288 2 47 384 29 27 1 239 1378 11 6571 519 78 1601 4025 2177 1250 383 5 9 6514 57 7399 2961 90 10 6001 310 3955 188 20 2818 1502 7055
48 0 55 3684 33 89 4104 9 5728 5850 1 4 2863 1378 264 550 3 24 366 1866 25 218 2986 101 28 2 4685 148 27 99 6 6604 2825 138 176 900
49 762 6 141 4 8973 272 3 0 419 1593 1 2 297 23 1499 1959 88 11 19 28 118 123 10 646 42 5 29 33 73 427 1883 6137 1119 9957 138 1482 1671
50 42 48 142 587 6 2477 60 90 407 455 4148 57 327 51 1446 473 817 2469 8 49 8886 1806 137 79 2832 270 34 464 227 414 1710 114 1671 3097
51 0 1 9234 28 33 4 2 8783 9 213 6 23 4705 597 788 4606 288 966 78 14 13 22 2410 63 200 7 508 21 45 1728 17 159 24 725 334 1989 2420 27 2818 9365
52 18 365 8 23 753 2190 4 3761 16 2327 5625 143 3 21 32 1361 1950 12 7 7278 207 248 30 25 13 133 1588 2312 72 224 2293 859 1310
53 2 510 26 230 7433 23 2282 334 20 4 45 121 216 0 6 8076 369 25 4478 70 225 4474 35 1 978 1902 184 7981 437 266 7 2619 100 395 14 224 686
54 12 1506 47 129 50 140 101 266 7070 0 7 24 5 115 4 130 1235 193 2426 2 7685 3 918 9 1001 109 132 138 27 9162 119 6440 1134 168 1476 126 1495 968 2153
55 5 2 6 460 25 0 14 132 1137 1373 117 3 163 53 1184 1107 11 115 16 108 1 19 3425 8345 8 10 543 12 18 134 15 303 909 3244 1502
56 31 1414 0 175 10 7170 5 32 89 6 6382 12 179 128 235 1614 2184 9175 9073 2746 1741 6348 11 144 730 280 9 859 5276 2264
57 42 25 0 7 4 50 1108 432 39 1156 36 19 26 2132 46 5412 15 21 1863 14 38 28 1 33 779 9338 422 1042 2 1843 157 5 8 69 9517 708 3975
58 3 46 3711 0 6259 472 18 7 95 1 309 2 10 78 9 65 519 4 42 124 77 6 26 178 221 128 4133 170 15 1540 90 32 329 1290
59 127 189 2980 37 762 1412 605 58 10 6 70 585 933 7 34 4184 41 1066 579 83 2692 80 305 477 8 72 48 139 18 204 124 27 8146 419 5173 5459 494 2060 8450 554
60 17 1190 71 293 143 46 0 15 35 231 9 4 123 1756 174 6 34 65 676 1216 1 137 233 168 115 355 95 3 1861 6979 2 938 187 7 69 6729 4247
61 63 119 32 8 3 19 2 0 240 29 2769 47 1 601 1345 60 1225 286 71 17 160 57 9 5812 411 2148 23 11 4 12 984 2960 25 53 1236 120
62 58 2575 90 24 1826 29 587 59 162 197 33 1117 34 1187 151 12 354 65 13 46 1130 9 325 15 195 2196 53 4197 101 146 109 3234 3052 650 5876 8 3428
63 45 2363 0 2 24 147 148 2178 22 4 12 33 3 280 1283 5410 115 188 1206 59 42 1183 7820 5127 2690 57 14 5190 5 16 34
64 26 148 1 1290 15 2979 107 2 3 8 0 406 9798 712 676 6 35 163 4 89 17 49 71 105 206 2568 1005 1167 1073 649 265 5526 9584
65 13 12 5 3 1966 7995 27 2610 0 11 10 722 29 102 478 44 47 6 1 1460 1552 205 3617 588 2 835 97 383 1324 23 8 65 82 7 253 1263 708
66 5973 2 51 4872 0 14 5915 1282 133 5 4180 7325 4673 300 3 12 103 97 4019 70 662 236 9 42 774 1 252 669 158 36 795 53 33 211 1272 3477 138
67 1854 10 68 46 209 186 34 1743 172 2503 1927 86 0 2383 2 49 219 1 256 5 166 33 141 9 792 1150 3 322 74 637 253 583
68 1 4211 42 17 6 0 11 278 31 7 193 5999 21 509 114 19 462 44 107 22 131 12 3038 2 4 100 6661 1434 57 62 279 18 13 253 171 5 16 126
69 388 62 1279 358 109 8 9 17 8180 58 276 57 63 47 245 3561 54 756 13 18 3520 6767 2177 7231 7 699 1446 216 2662 1061 738 119 99 1197 257 12 32 224 1334 6165
70 89 582 6 1857 0 2 4046 1 1257 151 2624 446 990 279 21 349 150 2862 8 82 203 17 25 18 57 34 46 13 315 6607 593 155 69 1954 3244 2848 3097
71 66 39 14 2 118 0 4129 7437 289 523 2219 75 20 31 25 16 58 13 85 1 4 337 169 12 11 7 1806 360 9 158 176 404
72 295 10 16 348 2739 742 91 3 29 72 136 2262 508 185 115 1001 739 3282 428 299 208 1421 212 1667 5850 822 84 1428 7961 19 2014 1300 304 755 9 404
73 3973 55 21 7 6188 3131 29 3338 113 22 19 716 359 9414 95 876 753 172 609 589 9794 2193 1039 684 308 1845 1484 916 6410 53 864 751 103 333 4390 3110 1334
74 2720 625 150 75 132 48 1723 5477 26 294 2850 5442 2639 8087 3624 680 4103 753 1059 11 32 5269 3079 2199 27 257 74 280 401 22 71 83 4837 3730 62 4820 1917 5526 968
75 67 1119 194 4 245 8150 775 0 5990 3 2266 17 23 1072 981 55 344 32 1 28 88 250 236 41 7 21 345 92 26 96 141 50 9134 37 4063 2264
76 43 0 2 39 50 51 175 1 3 10 3228 7 5299 16 27 455 270 5 19 22 389 103 301 128 245 11 3279 498 48 17 47 25 37 8 1401 120 3379 155 2060 867
77 24 1 2517 76 168 59 16 2942 222 20 447 217 635 6 1407 1071 78 8466 6745 2378 3603 22 658 40 183 62 254 9355 1087 69 203 9710 236
78 3796 34 8702 1697 35 98 5566 76 52 982 22 719 436 262 277 1953 9742 5819 55 2451 58 396 1181 885 4452 20 91 1105 80 18 1686 1075 190 152 1506 632 138 3244 968
79 8056 4947 2987 1318 9041 96 5681 14 5524 38 79 1561 1340 269 72 726 6 2625 7979 309 281 56 538 44 81 75 28 3354 3526 3500 61 112 199 3137
80 41 2 36 2012 0 112 299 1 7 25 6 51 9628 17 29 319 1483 5052 54 3 7274 56 703 42 77 15 1363 48 4824 1159 74 390
81 59 94 641 402 544 502 25 839 130 5038 17 36 710 2838 452 9 271 83 124 24 576 1283 67 3759 2496 134 1126 429 61
82 435 517 3502 64 1210 1401 58 418 1332 659 45 238 184 16 208 2958 992 512 3032 275 9295 36 5091 1968 2522 148 1979 6450 9460 1026 671 904 145 6043 320 5882 42 170 524 914
83 66 6158 73 4 126 2195 18 1574 53 1141 116 1084 2062 287 891 5 49 301 343 5797 378 2706 3246 560 3689 43 313 2433 4241 511 919
84 40 4 15 42 12 0 386 26 9375 9 256 9890 39 16 111 8 1 2 86 47 363 31 145 3433 14 1012 20 10 542 32 406 1089 138 1482
85 0 18 1687 286 2 3626 95 4 157 10 17 4781 178 56 1 33 1052 465 8703 939 7 242 35 14 362 3 297 25 6787 7557 720 356 9 176 4102
86 0 500 2051 33 2221 98 238 5 21 2 4 3 1757 227 23 10 7 77 218 168 351 7497 3881 1896 5294 5197 3790 22 97 41 11 3110 138
87 561 4051 92 6137 36 21 714 24 19 5361 67 99 513 41 179 5005 31 23 687 2842 2334 51 503 3941 42 105 11 1532 2932 5 425 371 1388 7 3831
88 169 796 92 216 38 2475 5731 539 510 1571 1017 3400 95 1462 3488 23 3022 182 610 98 527 287 928 13 772 248 147 2295 162 720 554
89 1996 5270 105 39 10 13 37 344 6642 1 3644 433 1048 447 26 83 4060 151 1532 4722 2587 665 74 7702 33 17 9061 1121 6082 583
90 4 71 17 1 25 9 0 253 3208 22 145 2 2424 338 100 16 47 44 177 561 86 36 1804 1927 669 3794 46 34 8 7 9519 15 138 3244
91 378 1119 161 193 426 209 61 139 455 1016 27 3066 2650 4081 12 202 120 210 30 103 6018 739 654 6005 151 33 1691 55 1746 228 4465 20 38 970 534 1066 124 35 3909 104 1091 207 1287 2513 3684
92 0 585 40 1054 2 34 352 68 56 4630 4 282 8 987 2360 32 5 299 2145 3 25 29 20 10 14 79 310 565 229 121 3940 475 3097 1737
93 3 11 55 1948 35 233 6 17 1435 53 3488 580 1959 1438 6783 50 3532 3324 129 5834 1677 1152 20 1396 107 30 1967 66 24 33 948 126 138 1077
94 16 4 10 1 7 2882 5 1313 0 316 3 861 26 15 18 5442 3458 2 272 68 2631 1150 44 13 49 29 55 105 301 51 84 1790 25 148 121 725 309 554 5921
95 8 2 19 56 0 3430 3252 5 103 4 93 129 1361 38 37 119 200 5170 68 15 28 131 1623 474 130 1128 1213 3 1956 375 2380 8743 7585
96 2 0 24 18 7884 236 50 1 492 5 72 3000 653 349 17 3 7155 3224 34 11 7 6 112 245 90 1621 25 9 8168 201 1807 437 45 46 316 131 120 442 138 554 2060
97 670 31 4 34 0 9 14 99 519 1478 3 658 413 212 1258 13 6 61 2 86 1992 1002 960 1 373 278 81 356 358 52 5055 4301 2889 9305
98 14 205 8 1487 106 46 1 0 21 1759 2 16 42 9711 40 6 1606 7 12 179 3 1937 4 43 337 410 5 23 9 32 157 37 5472 6201 1671 355 155 138 3097 859
99 5 3618 1530 406 354 63 3 0 1320 1027 238 328 29 1 6 2 172 39 469 9 5021 5359 27 1127 3730 4683 53 70 216 1989 597 3768 138 554 2153
