100
0 76 1828 141 3814 158 238 37 81 8461 1110 349 7431 1776 4329 452 7266 408 1017 103 8871 2594 9 322 177 2482 250 110 1462 3977 1009 3160 7854 166 4171 968
1 25 3053 6614 1710 8949 346 251 435 42 3900 6779 4048 19 6052 665 13 3274 67 7818 96 97 91 6890 949 2498 6045 12 2202 240 7 199 485
2 7 11 0 1 412 456 2883 82 21 18 2458 23 9 4 13 168 2025 268 77 3 2 16 4859 85 5724 1148 5 619 1304 2160 10 2683 1128 69 1283 2848 3975
3 9 8733 68 244 433 81 4 4138 5350 3 207 33 161 1130 10 12 1593 651 2657 75 173 197 134 0 499 24 1 2517 28 8466 554
4 2098 3056 503 7687 6 941 1582 8401 9493 91 144 2702 173 147 116 467 2052 45 397 54 6171 244 118 689 1465 742 3293 2791 24 7287
5 7 1966 10 8 332 116 2 5014 0 164 2498 112 454 117 15 5 9 14 72 77 75 94 56 1209 2091 1610 5893 759 20 4278 43 202 933 37 31 135 303 155 3110 7624 1310
6 62 19 247 5154 39 210 1039 214 1 137 250 0 280 23 3 7606 516 935 655 88 1913 218 2051 44 8114 50 82 799 2 6348 561 3796 14 8702 5276 176 3110 3756
7 96 0 2 49 2385 6 3223 5 15 40 28 442 3 1071 7 258 11 264 24 21 462 612 205 47 6160 10 4479 8 2209 173 89 157 1808 22 8365 655 229 155 621 1310 583 9517
8 278 1 25 0 9903 464 58 1403 22 430 178 37 5519 2 323 5361 4 46 364 41 831 5515 1572 5 700 180 7269 6359 123 3198 50 252 7702 14 637 19 65 1089 3389 1290
9 56 660 3100 135 6 3249 425 8 409 951 10 9 101 51 2158 2079 19 162 70 4 5063 232 122 52 20 1368 307 9442 1 227 15 340 6234 290 297 7147 21 1554 784 1881 176 184
10 14 41 44 0 4386 7 28 934 715 2453 1132 1158 22 46 571 114 65 168 3 2496 837 17 7341 6912 243 18 2341 15 7400 10 170 3008 468 2804 8 662 152 253 27 138 708
11 4 3 1 651 663 9 13 8088 2 65 112 167 21 84 323 5 4370 22 769 2665 15 75 1011 3003 111 164 203 55 5275 443 1401 1595 31 1706 136 725 6238 1429 2591 797 1671
12 1 1251 322 94 117 3 2 701 0 29 6042 189 56 99 11 45 28 300 154 13 6 9 2757 116 2128 5762 796 16 4 82 118 6188 166 2371 554 1502 1310
13 6 109 2546 8 10 4 342 9677 12 9 2 74 409 1293 13 463 249 807 226 36 1490 21 14 22 1859 757 3 127 2191 952 106 602 44 27 69 126 1482
14 30 4752 1590 5222 380 167 51 331 50 3548 398 66 151 666 1576 860 4596 5845 2604 168 1296 17 212 5850 3500 688 7961 2014 2593 1100 87 49
15 3 0 5 2065 1161 233 8 19 2 14 1489 39 206 9021 43 6 280 123 15 1245 9357 83 153 4 6438 329 63 428 323 183 75 360 98 332 9 268 404
16 246 4362 2983 1021 332 9 1754 1959 6662 130 1748 1985 76 41 7367 63 6097 6696 51 12 706 2096 715 288 36 314 1963 1097 816 8938 27 102 176
17 178 150 112 17 3735 510 46 93 165 79 7 22 29 5278 215 318 8015 602 418 2924 195 111 945 1062 60 125 412 44 2955 236
18 169 546 21 632 7593 3813 66 4964 26 7 113 204 3249 936 884 25 750 24 3499 3059 5 1481 2688 979 566 130 6475 879 421 301 275 699 2929 216 121 5381
19 31 1 203 9 24 17 4430 6697 6 346 91 2 20 3699 533 11 602 9053 529 8488 1011 4526 7387 142 12 539 5 2911 19 5294 75 3790 131 5926 3477 1737
20 356 11 662 14 64 495 107 2 1841 16 32 3 770 1 23 17 6 4 0 5 87 919 62 1373 5672 118 1058 27 454 43 75 490 284 1169 583 69 126 2591
21 0 439 48 452 262 5 11 3016 284 1 202 7574 1846 109 28 4790 3692 582 12 37 124 278 96 74 4821 1740 71 8 7 2264
22 73 0 23 859 4 1024 6599 16 137 9547 69 2 41 111 37 6035 65 1563 7 389 2878 244 14 110 1 54 474 822 1311 6731 3221 1213 168 6 1495 138 2264 1290 7624
23 125 8601 6408 93 35 3843 225 2187 156 64 39 1728 11 1264 1078 112 1566 216 2295 2479 902 424 14 633 247 59 127 83 3158 554 2060
24 32 0 16 8 330 186 23 40 391 1 62 4 3301 2 183 1217 3 108 181 8843 21 59 112 25 641 4908 2431 1996 2282 29 5270 1954 155 665 1591
25 6943 113 1126 2494 5532 1328 425 577 46 2321 283 7706 2737 33 83 479 227 241 16 400 18 3262 588 8136 41 176 1610 316
26 28 1436 9798 2844 222 0 12 6249 4 587 5027 289 8 13 258 1 1816 2333 5893 189 2 4807 4335 38 493 3 76 19 249 68 59 187 1951 948 2889
27 0 431 12 3 6 5 414 4584 121 45 1 33 158 2805 9 343 10 809 5492 102 35 132 59 2033 626 52 76 2 34 246 3600 2889 1917 2780
28 1663 217 209 975 264 608 8355 1700 434 1000 43 232 960 146 32 1713 114 9471 144 8806 444 20 23 196 58 7971 234 186 37 3773 1506 27 1583
29 2684 0 38 67 1 41 1389 350 74 5020 84 11 4848 303 6031 391 37 5 1099 143 29 3 2212 119 848 807 2 26 180 170 118 15 448 671 226 5429 69 1315 197 485 948 442 4371
30 1363 4 33 2 26 1390 836 12 2950 6 2628 559 9086 5638 1041 4372 628 142 13 338 419 505 0 224 169 101 476 234 544 184 2848 2700
31 4604 6705 117 1 1051 88 39 25 256 597 15 678 2951 7 4089 6 6044 26 498 694 108 263 143 761 124 1088 431 55 131 2076
32 281 0 6 113 1 180 81 4 1368 2 5 34 505 2715 9 3 186 47 104 11 4227 7 3596 49 709 18 2938 4040 176 138 3923 155 3849
33 22 52 54 7 138 103 405 3476 3679 284 2114 87 4 1 20 186 45 0 6 2521 602 3 2250 36 106 178 501 188 225 864 24 204 940 5 1365 968 7585
34 3140 10 322 19 1372 412 0 6755 395 62 2 6 15 18 51 514 866 16 817 594 54 106 1233 363 1 69 4659 57 6130 3 587 7 371 1089 8 253 968
35 64 1 35 51 7718 235 3236 24 1752 7970 259 476 25 2239 483 1074 1909 5221 6012 344 7 4164 137 55 471 529 52 836 316 1150 4613
36 1141 1922 1102 723 77 556 1340 96 1990 353 157 309 6980 412 161 26 659 501 12 979 3374 3194 84 7748 49 9040 772 9277 2295 65 28 1638 5754 1052
37 526 105 412 210 125 97 566 379 336 158 1168 3317 160 231 41 1919 1243 6015 989 1787 51 5001 4642 805 3535 4096 4314 128 254 28 1222 73 8 1958 6698
38 71 24 165 8948 715 61 718 101 590 18 1456 105 906 170 147 768 257 2696 6166 1073 1329 320 6037 1844 110 98 186 2078 1334
39 17 2125 71 4 250 23 373 2143 88 26 192 1973 506 14 12 8735 393 1082 140 678 906 1739 8 136 38 32 245 790 2990 30 36 79 273 5921
40 47 0 3 2 26 1583 21 45 4 117 5 100 6025 3915 1 12 672 7777 1503 42 17 29 19 24 68 956 2720 150 8 1591 5778 3053 331 69 1184 948
41 5038 1 12 2 20 71 0 64 52 1516 5737 4 156 50 11 722 3 6538 2344 14 83 7 9566 218 9 1991 77 9652 17 554 372 2076 138 900
42 0 3 131 73 1 27 94 2 8 2400 8931 164 25 800 4 26 15 6 603 1516 546 284 1664 4537 529 411 9567 1224 5 29 38 81 180 475 609 138 708
43 609 99 0 5 2 11 4680 46 10 71 6 380 3 15 1232 115 1 37 5479 109 17 8 382 224 3528 23 57 16 187 197 243 95 2218 8629 9794 686 2060
44 9 33 0 13 6643 48 3 7192 5 962 2406 54 3972 21 6 42 50 25 5034 11 209 27 53 32 4938 6992 791 63 4 163 1073 650 6402
45 4253 5 0 1 5226 425 99 1148 21 35 161 2135 6689 26 656 13 1456 724 219 2052 1865 2652 2735 53 402 88 121 8512 37 5641 8056 41 2973
46 6169 0 9 83 53 1502 15 111 778 4152 118 9902 4704 1107 1340 412 117 6 70 8 2 4 1696 142 1 3 1704 7 788 1805 69 50 63 8160 733 90 6243 486 708 27 138
47 225 229 61 845 288 384 29 27 239 1378 11 6571 519 78 1601 4025 2177 0 1250 383 9 6514 57 7399 2961 90 6001 1 310 3955 188 20 18 4 365 826 1476 2818 859 1502 7055 1310
48 0 55 3684 33 89 4104 9 5728 5850 1 4 2863 1378 264 550 24 366 1866 25 218 2986 101 28 2 4685 148 3 27 99 6 6604 2825 176 138 900
49 762 6 141 4 8973 272 3 0 419 1593 2 297 23 1499 1959 88 11 19 28 118 123 10 646 42 5 29 33 73 427 1883 6137 14 108 9957 8 138 1482 1671
50 42 48 142 6 2477 60 407 4148 327 51 1446 473 19 817 12 2469 8 49 11 137 270 227 114 33 3079 2199 83 7 5597 17 71 2430 210 6018 155 1482
51 0 1 9234 28 33 4 2 8783 9 213 6 23 4705 597 788 4606 288 966 78 14 13 22 2410 63 200 7 508 21 45 1728 17 159 24 725 334 1989 2420 27 2818 9365
52 8 753 2190 3761 16 2327 5625 143 32 1361 1950 12 248 30 133 1588 2312 603 224 676 2088 2293 1886 339 105 1379 381 4226 145 789 1482
53 2 510 26 230 7433 23 2282 334 20 4 45 121 216 8076 369 4478 70 225 4474 35 978 1902 184 7981 437 266 7 2619 100 395 295 128 4133 348 2739 224 329 175 72 404 252 138 1077
54 12 1506 47 129 50 140 101 266 7070 0 7 24 5 115 4 130 1235 193 2426 2 7685 3 918 9 1001 109 132 138 27 9162 119 6440 1134 168 126 6572 5554 1495
55 5 2 6 460 25 0 14 132 1137 1373 117 3 163 53 1184 1107 11 115 16 108 1 19 3425 8345 8 10 543 12 18 134 15 909 3244 120
56 31 1414 175 10 7170 32 89 6382 12 179 128 235 1614 2184 9175 9073 2746 1741 144 730 3973 55 34 280 21 88 9 859 2264 1502
57 42 25 7 0 4 50 1108 432 39 1156 36 26 2132 46 5412 21 1863 14 38 33 15 779 9338 422 1042 1843 157 1623 478 44 11 375 8 9517 1263
58 3 46 3711 6259 472 18 7 95 1 309 78 9 65 519 77 6 26 170 15 90 936 88 138 2291 760 27 20 396 6571 73 22 466 475 4895 294 369 1587 4977 681 9886 1290 1263 708
59 82 189 2980 37 762 1412 605 58 10 6 70 585 933 7 4184 41 1066 579 2692 80 12 305 477 72 48 139 18 226 204 124 8146 419 5173 5459 494 103 702 977
60 17 1190 71 293 143 46 0 15 35 231 9 4 123 1756 174 34 65 676 1216 137 233 168 115 355 3 1861 6979 938 47 187 1 11 7 1324 625 69 6729 138 708
61 63 119 32 19 240 29 2769 47 601 1345 60 1225 286 71 17 160 57 5812 411 2148 23 11 984 2960 24 212 3266 295 1137 45 238 31 1071 208 21 15 138
62 3 58 2575 90 24 1826 29 587 59 162 197 33 1117 34 1187 151 12 354 65 13 46 1130 9 325 195 2196 53 4197 101 146 109 3234 138
63 45 2363 0 2 24 147 148 2178 22 4 12 33 3 280 1283 5410 115 188 1206 59 42 1183 7820 5127 2690 57 14 5190 5 16 34
64 26 148 1 1290 15 2979 406 712 676 35 89 17 49 71 105 206 2568 1005 1167 649 1545 891 265 9562 30 1481 576 14 20 53 1518 120 5526 1737
65 13 12 1966 7995 27 2610 11 10 722 29 102 47 1 1460 1552 205 3617 588 835 97 383 104 315 127 65 1694 402 7 5038 36 815 155 3244
66 5973 2 51 4872 0 14 5915 1282 133 5 4180 7325 4673 300 3 12 103 97 4019 70 662 236 9 42 774 1 252 669 158 36 795 53 33 211 1272 3477 138
67 1854 10 68 46 209 186 34 1743 172 2503 1927 86 0 2383 2 49 219 1 256 5 166 33 141 9 792 1150 3 322 74 896 27 4023 468 3774 1671
68 1 4211 42 17 6 0 11 278 31 7 193 5999 21 509 114 19 462 44 107 22 131 12 3038 2 4 100 6661 1434 57 62 279 18 13 253 171 5 16 126
69 388 62 1279 358 109 9 8180 58 276 57 63 47 3561 54 756 18 3520 6767 2177 7231 7 1446 2662 1061 738 119 99 1197 257 12 32 8004 1628 3710 231 145 1522 977 6165
70 89 582 6 1857 0 2 4046 1 1257 151 2624 446 990 279 21 349 150 2862 82 203 17 25 18 57 34 46 13 315 6607 593 155 126 9896 1954 859 3244 2848 3097
71 66 39 14 118 4129 7437 0 289 523 2219 75 20 31 25 16 58 13 85 1 4 337 169 12 11 1806 437 406 158 176 69 6656
72 91 29 2262 508 185 1001 428 299 1421 822 84 1428 19 1300 304 755 15 271 391 6043 432 5882 42 1353 4404 2195 524 2473 7064 86 1983 2809 87 356 139 1558 7226 1122 968
73 3131 3338 22 716 359 9414 876 753 172 609 589 2193 1039 684 308 1845 1484 916 6410 53 864 2064 514 1603 751 334 1635 103 333 70 4390 867
74 132 1723 26 5442 3624 753 1059 11 32 19 5269 27 257 280 401 83 4837 3730 3609 75 230 4820 91 7208 56 25 201 59 1775 65 1513 685 2685 264 1988 14 199 968
75 67 1119 194 245 8150 775 5990 3 2266 1072 981 55 344 28 88 250 236 1 345 92 26 96 141 50 9134 399 73 15 30 37 8444 364 5 4063 253 549
76 43 0 2 39 50 51 175 3 10 3228 7 5299 16 27 455 270 5 19 22 389 103 301 128 245 11 3279 498 48 17 47 1 25 8 1017 120 3379 155 869 9559
77 76 59 273 2 16 2942 222 20 447 217 635 1407 1071 78 6745 2378 3603 658 40 183 1888 254 9355 1087 203 9710 5872 533 180 95 289 715 1577 236 155
78 1697 35 5566 76 52 982 22 719 436 262 277 1953 9742 5819 6 2451 58 396 1181 4452 20 91 1105 80 1686 1075 190 77 152 1506 1948 3 680 632 485
79 4947 13 5681 5524 38 79 1561 1 1340 269 72 726 6 2625 7979 309 281 56 538 44 81 75 28 3354 3526 61 112 3593 7278 257 207 199 3137 149
80 1483 5052 54 3 56 42 15 4824 66 6158 74 2812 390 73 363 31 145 3433 14 1012 4 10 542 1574 53 3124 1141 116 1084 6307 5 301 27 1572 708
81 37 5472 94 641 502 25 839 130 17 710 2838 452 271 83 309 124 24 67 3759 134 33 1126 4973 645 31 429 1424 60 371 355 900 155 138
82 435 625 517 3502 64 1210 1401 58 418 1332 659 2958 992 512 3032 275 1236 9295 36 1968 2522 148 1979 6450 9460 1026 671 904 145 170 2156 48 5792 8875 196 134 2048 121 2967 914 9584
83 2062 287 891 49 343 5797 378 2706 3246 560 3689 43 313 2433 51 4241 511 464 1710 3784 9556 254 4139 3017 202 228 8839 5801 69
84 40 4 15 42 12 0 386 26 9375 9 256 9890 39 16 111 8 1 2 86 47 20 32 36 1963 163 43 143 147 1195 176 126 1737 3097
85 0 18 1687 286 2 3626 95 4 157 10 17 4781 178 56 1 33 1052 465 8703 939 7 242 35 14 362 3 25 6787 7557 720 40 356 325 1604 4102
86 0 500 2051 33 2221 98 238 5 21 2 4 3 1757 227 23 10 7 77 218 168 351 7497 3881 1896 5197 22 97 41 11 169 96 138 869 1334
87 561 4051 92 6137 36 21 714 24 5361 67 99 513 41 179 5005 23 687 2842 2334 51 503 3941 42 105 11 1532 2932 14 5 425 33 1388 4090
88 796 92 216 38 2475 5731 539 510 1571 1017 3400 95 3488 23 3022 182 610 98 527 287 928 13 248 147 470 1053 589 162 30 48 3457 1263
89 105 39 10 37 344 6642 3644 433 1048 7 447 26 83 4060 151 1532 4722 2587 17 9061 29 2987 1121 1318 9041 455 6082 583 485
90 4 71 17 1 25 9 0 253 3208 22 145 2 2424 338 100 16 47 44 177 86 36 18 1804 1927 669 3794 46 8 378 9519 1119 7347 3244 2153
91 161 193 426 209 61 139 455 1016 27 3066 2650 4081 12 120 37 30 103 739 654 6005 151 33 1691 55 1746 4465 20 38 970 534 1066 124 3909 104 1091 1932 207 1287 18 68 445 843 184 135
92 0 585 40 1054 2 34 352 68 56 4630 4 282 8 987 2360 5 299 2145 3 25 20 10 14 79 310 565 229 121 3940 475 86 41 7 21 356 9305 3097
93 1 55 1948 233 17 1435 3488 580 1959 1438 6783 19 50 3532 3324 129 5834 1677 1152 20 1396 107 30 1967 66 1621 134 25 739 3282 885 1667 138 1077
94 16 4 10 7 2882 1313 316 3 0 861 26 15 18 5442 3458 5 272 68 2631 1150 44 13 49 29 55 105 301 51 84 1790 25 807 225 830 148 725 554 5921
95 8 2 19 56 0 3430 3252 5 103 4 93 129 1361 38 37 119 200 5170 15 28 131 3 1956 2380 8743 652 12 1 1079 6379 2195 18 229 3975 4247
96 2 0 24 18 7884 236 50 492 5 72 3000 653 349 17 3 7155 3224 11 7 245 90 1621 25 8168 201 1807 45 46 2235 316 156 182 10 742 131 88 120 2818
97 670 31 4 34 0 9 14 99 519 1478 3 658 413 212 1258 13 6 61 2 1992 1002 960 1 373 278 81 358 52 5055 411 4301 5091 5381
98 14 205 8 1487 106 46 1 21 1759 2 16 42 9711 40 1606 7 0 12 179 3 1937 4 43 337 410 5 23 9 32 157 59 6201 1671 3097
99 5 3618 1530 406 354 63 1320 1027 238 0 328 29 1 6 2 3 172 39 469 9 5021 5359 27 1127 3730 4683 53 70 216 1989 597 3768 138 554 2153
