100
0 6 1 5 0 2 3 1808 76 19 1828 141 4 8 3814 383 315 10 158 11 1694 478 815 238 37 81 91 38 18 25 6045 21 8461 4171 9517
1 0 1 6 2 7 4 3 5 25 4040 3053 6614 1710 8949 251 435 42 3900 6779 4048 19 10 23 6052 14 665 13 15 3274 21 96 949 1089 138
2 7 11 0 1 412 456 2883 82 21 18 25 2458 23 9 4 13 168 2025 268 77 3 2 16 10 4859 85 5724 1148 5 619 1304 2683 2848 583 3975 3774
3 9 8733 68 244 433 11 0 81 4 4138 5350 2 3 21 207 33 161 1130 10 12 1593 651 1 2657 75 173 197 134 18 7 28 8 1888 3097
4 0 1 2 4 18 3 891 8 5 2706 29 3689 519 129 25 511 36 2098 248 3056 503 7687 76 13 6 26 72 676 941 27 2088 14 145 3975
5 7 1966 10 8 332 116 2 5014 0 164 2498 112 454 117 15 5 9 14 72 77 75 94 1 56 1209 2091 1610 186 5893 759 20 3 4278 933 37 135 346 155 1310
6 62 19 247 5154 39 210 0 1039 1 3 214 11 137 250 280 2 23 7606 4 516 2431 27 18 2282 935 655 88 1913 218 20 2051 44 179 225 8114 3110 3756
7 96 0 2 49 2385 6 1 3223 5 15 40 28 442 22 3 1071 7 258 11 264 24 21 462 612 205 47 6160 10 4479 8 2209 4 173 655 229 155 2045 621 1310
8 278 1 25 0 9903 464 58 2 1403 3 22 430 178 37 5519 323 5361 4 46 364 41 1311 9 831 5515 1572 11 5 21 700 180 7269 6359 123 3198 1290
9 0 1 2 34 56 3 4 660 5 3100 135 6 99 13 26 3249 425 219 8 409 2652 53 88 5641 41 951 10 9 24 101 7 2973 2158 2079 19 176 138
10 2 0 4 8 15 23 1 9 3 652 5 12 19 94 14 1079 75 131 20 41 44 4386 32 7 36 28 1963 934 715 163 2453 43 143 176 138 554
11 4 3 1 0 651 663 12 9 13 8088 2 27 65 5 112 167 21 84 323 4370 22 769 2665 15 75 1011 3003 16 37 111 164 203 55 1017 10 5275 443 2591 1671
12 1 1251 322 94 117 3 2 701 0 29 6042 189 56 99 11 45 28 300 154 13 6 9 5 2757 116 2128 5762 796 16 4 82 55 2371 859 554 1502 1310
13 6 109 2546 8 0 10 4 342 9677 12 1 9 2 74 409 1293 13 5 463 249 807 226 36 1490 21 11 14 3324 129 35 5834 1152 22 69
14 0 1 4 2 4752 31 21 41 1590 5222 7 380 15 6 936 167 51 331 175 3 50 14 33 35 1126 4973 3548 8 948 11 45 396 121 236
15 3 0 5 2065 1161 1 233 13 8 19 2 11 14 1489 39 4 206 9021 43 47 6 280 123 448 15 1245 9357 83 153 97 6438 329 63 23 183 65 7 404 138
16 0 1 4 6 2 398 15 50 66 24 151 10 1576 3 275 1296 17 9295 11 36 3500 7 2522 1979 6450 1100 87 1026 246 145 2048 914
17 0 1 2 3 5 67 1073 649 7818 1545 34 891 10 30 13 6 11 14 1518 12 2202 633 247 37 83 178 150 20 176
18 0 2 1 9 6 83 8 4 118 169 546 3 21 13 90 632 26 7593 486 3813 66 4964 7 113 204 3249 936 884 25 750 7557 5 121
19 31 1 203 9 24 17 4430 6697 0 6 4 346 91 2 20 3699 533 11 5 602 9053 529 23 8488 1011 4526 7 7387 142 12 539 16 2911 468 859 5926 3477 1737 3244
20 356 11 662 14 1 64 0 495 107 2 1841 16 32 3 770 23 17 6 4 5 87 919 62 15 1373 5672 118 1058 27 454 43 75 490 284 7347 583 69 184 138
21 0 439 48 452 262 5 11 1 3016 284 9 55 202 7574 1846 4 109 2 28 4790 3 3692 597 582 12 37 124 278 74 8
22 73 0 23 1 2 859 4 1024 6599 16 137 9547 69 41 111 3 37 6035 65 1563 7 9 25 389 2878 244 34 6 14 110 89 2160 54 156 1290 7624
23 4 0 2 5 1 31 125 725 8601 6408 93 226 35 3843 3 7 6238 225 2187 156 1429 64 39 1728 22 11 16 452 1264 8 9 2060
24 32 0 16 1 8 330 186 23 40 5 391 3 11 2 62 4 12 3301 183 1217 108 181 6 8843 21 19 59 112 25 641 4908 1954 155 5276
25 0 1 2 3 4 48 1859 6 757 270 127 227 2191 952 106 3079 5 2199 14 602 7 71 6943 3730 113 44 230 1126 201 27 65 1482 2264
26 28 1436 9798 2844 222 0 12 6249 4 587 5027 289 1 8 13 258 1816 2333 2 6 5893 189 4807 4335 38 493 3 76 19 34 249 187 5063 6082 1951 948 583 138
27 0 431 12 3 6 5 414 4584 1 2 121 45 33 158 2805 9 343 10 809 5492 102 35 132 59 46 4 2033 626 52 50 8 7 9896 3600 2889 155
28 0 1 4 3 2 11 15 83 5 67 645 161 7 8 760 18 1663 217 44 6571 73 349 7431 22 475 209 5221 4895 294 6012 97 900 1583
29 2684 0 38 6 67 1 41 1389 350 74 5020 84 11 4848 303 6031 391 37 5 1099 143 29 3 2212 119 848 807 2 26 4 180 170 118 15 671 30 5429 69 1315 197 485 554
30 1363 4 33 0 2 26 1390 836 12 2950 6 2628 559 9086 5638 1041 4372 628 142 1 13 3 8365 21 338 419 505 224 169 184 2848 155
31 0 7 3 12 1 2 6440 4604 43 202 6705 117 214 31 8 1051 88 39 9 25 126 256 597 15 678 2951 4089 4 6 5 131 6572 2076 7624 138
32 281 0 6 8 113 1 180 7 81 4 1368 2 5 34 505 2715 9 3 186 47 104 14 11 4227 3596 49 709 18 2938 176 138 3849
33 22 52 54 7 0 138 103 405 3476 6 3679 284 2114 87 4 1 20 186 45 5 2 2521 3 602 33 10 2250 36 106 178 76 940 176 1917 6698
34 3140 10 322 19 0 1372 412 6755 4 395 12 62 2 6 15 18 51 514 866 16 1 817 594 7 54 106 9 1233 363 69 4659 57 17 3759 1089 1679 968
35 0 14 108 64 29 1 35 51 7718 235 4 3236 24 8 3 11 1752 7970 259 2 476 10 25 2239 483 1074 1909 28 4613 8450
36 0 1 2 5 4 406 49 40 225 864 24 1141 1922 21 20 3 1102 723 77 51 13 10 42 105 41 1532 280 1388 69 2591 138 554
37 0 1 3 1740 526 2 4 6 105 49 412 452 68 20 210 5 125 7 9562 1481 32 97 566 379 336 158 18 8 1168 3317 720 9 120 5526 1958
38 0 4 3 1 2 141 50 399 73 94 30 8444 364 71 24 165 8948 715 1424 6 60 61 13 718 101 6166 1958 3097 583
39 0 1 9 2 6 3 46 322 17 4 2125 71 26 250 896 23 373 2143 88 1481 39 2688 8886 1806 79 979 2832 8 130 6510 879 70 301 468 1671 5921
40 47 0 3 2 26 1583 21 45 1 4 117 5 100 6025 3915 12 672 7777 1503 13 42 17 218 29 1991 19 77 24 9652 7 956 9519 1184
41 5038 1 12 2 20 0 71 64 52 1516 5737 5 4 156 50 11 10 722 3 1595 6538 1706 136 2344 807 14 83 554 8 2076 138
42 0 3 131 73 1 27 94 2 8 2400 8931 164 25 800 4 26 6 15 603 1516 546 284 1664 4537 529 501 19 90 411 32 88 204 9567 29 1224 5 331 2291 609 9886 138 1263
43 609 99 0 5 2 6 11 4680 46 1 10 71 380 3 15 1232 115 37 2052 5479 8512 109 17 12 8 382 224 3528 23 57 187 9 197 243 5554 138
44 9 33 0 13 1 6643 48 3 7192 5 962 2406 54 3972 21 6 42 50 2 25 15 5034 11 209 27 53 32 4938 6992 791 63 7 176 2955 468 138
45 4253 5 0 1 6 4 5226 425 2 9 99 1148 156 21 12 35 17 3 13 161 1401 2135 6689 225 26 656 42 1456 830 7 724 8 2735 290 1310
46 6169 0 9 83 53 1502 15 111 778 6 4152 118 2 9902 4704 1107 1340 5 8 412 117 38 70 4 1696 142 1 3 88 1704 7 788 1805 69 50 63 8160 428 708 155
47 225 229 61 845 0 288 2 47 384 29 27 1 239 1378 11 6571 519 78 1601 4025 2177 1250 383 5 9 6514 57 7399 2961 90 10 6001 310 3955 188 20 2818 1502 7055
48 0 55 3684 33 89 4104 9 5728 5850 1 4 2863 1378 264 550 3 24 366 1866 25 218 2 2986 101 28 4685 148 27 99 6 6604 2825 686
49 762 6 141 4 8973 272 3 0 419 1593 1 2 297 23 1499 1959 88 11 19 28 118 123 10 646 42 5 29 33 73 427 1883 6137 1119 9957 138 1482 1671
50 0 2 4 1 3 42 48 13 4722 2587 6130 111 7 142 17 9061 9 54 587 6 5 2477 60 90 407 8 455 343 4148 57 24 371 327 3246 1446 138 3097
51 0 1 9234 28 33 4 2 8783 9 213 6 23 4705 597 788 4606 288 966 78 14 13 22 2410 63 200 7 508 21 45 1728 17 159 24 725 334 1989 2420 27 2818 9365
52 0 2 27 5 1 18 365 8 23 753 2190 4 3761 16 2327 29 13 5625 143 3 21 2625 7979 32 9 1361 309 1950 56 28 12 61 7 30 859 4869
53 2 510 0 26 230 7433 23 2282 334 1 20 4 45 121 216 3 6 8076 5 369 25 4478 70 225 4474 3768 35 978 1902 184 7981 437 266 7 395 14 9 224 138
54 12 1506 47 129 50 140 101 266 7070 0 7 1 24 5 115 4 130 1235 193 2426 2 7685 3 918 9 1001 109 132 138 27 9162 119 1134 37 1476 1495 968
55 8 5 2 0 6 460 25 14 132 1137 1373 117 3 163 53 1 1184 1107 11 115 16 108 19 7 3425 8345 10 543 12 18 134 9 303 3244 120 3110
56 31 1414 0 175 10 7170 5 32 89 6 6382 12 2 179 128 4 235 1614 1 2184 9175 9073 2746 1741 44 3796 2264 1502
57 42 25 0 7 4 50 1108 432 39 1156 36 19 1 26 2132 46 5412 15 21 1863 14 38 28 33 779 9338 422 1042 2 1843 157 5 8 442 708
58 3 46 0 3711 1 6259 472 18 7 95 309 2 10 17 78 9 65 519 4 42 124 77 6 26 2619 15 178 221 128 4133 170 1540 8 329 138 4977
59 0 1 5 1566 216 2295 2479 902 2 127 82 3 189 2980 37 762 1412 605 58 10 6 70 585 933 7 4 34 4184 41 1066 579 2692 8450
60 17 1190 71 293 143 46 0 15 35 231 9 4 123 1756 174 6 34 65 676 1216 1 137 233 168 115 355 95 2 3 1861 6979 938 187 7 69 6729 4247
61 63 119 32 8 0 3 19 2 240 29 2769 47 1 4 601 1345 60 1225 10 286 71 17 160 57 9 5812 411 2148 23 11 1167 358 49 6787 120
62 0 2 1 7 6044 20 498 56 3 58 2575 90 1169 24 1826 29 4 587 59 162 197 33 1117 34 1187 151 37 12 354 65 13 46 9 1571 7117
63 45 2363 0 2 24 147 148 2178 22 4 12 33 3 280 1283 5410 115 188 1206 59 42 1183 1 7820 5127 2690 57 14 5190 5 19 7 8 1554
64 26 148 1 1290 13 15 0 6 3 2979 9 107 2 5 8 406 9798 712 676 52 4 35 5055 163 89 17 49 71 11 105 206 2568 1005 1283 27 5091
65 13 0 12 5 3 1966 7995 27 8 7 2610 11 10 722 1 4 2 29 19 102 478 44 47 6 1460 21 1552 14 205 3617 588 835 9 1324 65 155 9559
66 5973 2 51 4872 0 14 5915 1282 133 5 4180 7325 4673 300 3 12 103 97 4019 70 662 236 9 42 774 1 252 669 158 36 795 53 33 211 1272 3477 138
67 1854 10 68 46 209 186 0 34 1743 172 2503 1927 86 14 2383 1 2 49 219 256 5 166 33 141 9 792 3 51 1150 74 37 8 1495 4023 1263
68 1 4211 42 17 6 0 11 278 31 7 193 5999 21 509 114 19 462 44 107 22 131 12 3038 2 4 100 6661 1434 57 62 279 18 13 253 171 5 16 126
69 0 1 3 388 62 1279 2 358 4 109 8 9 17 6 8180 28 58 276 57 63 47 245 3561 24 5 3499 54 7 3059 756 13 566 18 3520 6767 2177 7231 1446 15 679 873
70 89 582 6 1857 0 2 4046 1 1257 151 2624 446 990 279 21 349 150 2862 8 82 203 17 25 18 57 34 46 13 315 6607 593 155 69 1954 3244 2848 3097
71 66 39 0 14 2 118 4129 7437 1 289 523 2219 75 20 31 11 25 16 58 13 5 4 85 337 169 12 6 7 1806 9 158 6656
72 0 1 4 6 2 100 295 26 5 45 46 7 10 16 348 2739 742 20 131 50 3 34 14 2218 8629 251 23 91 29 1396 120 404
73 0 2 1 3 11 144 730 3973 280 21 88 7 6188 7702 33 3131 4 29 3338 113 22 637 19 56 5 716 268 359 1866 16 9414 178 95 609 9794
74 0 1 4 2 3 2380 8743 15 2720 625 150 7 75 132 19 48 1723 5477 5 21 26 294 2850 3053 11 6 9 180 51 5442 28 2639 8087 8 3624 5526
75 67 1119 0 2 194 4 14 245 8150 775 5990 3 2266 8 17 23 1072 1 981 55 344 32 11 28 5 88 250 475 236 41 7 1956 375 21 345 92 96 19 69 2264 3097 6165
76 43 0 2 39 50 51 175 1 3 10 3228 7 5299 16 27 455 6 270 5 19 22 389 103 301 128 245 11 3279 498 48 17 47 25 120 155
77 2 3 0 499 11 24 1 2517 76 168 59 273 4 16 18 2942 222 19 9 20 447 217 635 6 1407 21 1071 78 8466 6745 2378 62 69 554
78 0 3 2 1 50 799 6348 6 34 7 8702 4 104 8 1697 5 127 82 402 35 15 98 332 10 5566 76 1591 52 982 22 19 719 436 62 69 126 485
79 0 2 1 3 8056 4 5 11 4947 2987 6 1121 1318 9041 96 7 13 5681 14 5524 38 79 31 1561 429 37 8 1340 269 687 2842 9
80 41 2 36 0 1 2012 112 299 7 3 25 6 51 9628 17 29 319 1483 5052 54 7274 56 703 42 77 15 1363 48 4824 1159 74 390
81 0 2 4 1 59 3 11 6 94 101 641 1865 476 402 37 544 502 25 839 130 5038 17 36 710 2838 7 12 9 271 671
82 0 12 4 1 2 19 234 435 625 517 3502 6 265 13 64 24 576 8 22 1210 1401 58 53 40 3 418 1332 72 659 45 238 16 208 2958 992 148 126 9584
83 0 2 1 25 3 66 6158 9566 11 6 4 73 48 126 2195 18 38 1574 53 1141 20 116 1084 7 2062 287 5 301 229 372 8 3244
84 40 4 15 1 42 12 0 386 26 3 9375 9 256 9890 39 2 16 111 8 86 2812 6 47 9134 363 31 145 3433 11 14 1012 4063 138 1737 708
85 0 18 1687 286 2 3626 95 4 157 10 17 4781 178 56 1 33 1052 465 8703 3 939 7 242 35 232 14 122 362 52 20 356 1604 138
86 0 500 2051 33 1 2221 8 98 238 5 21 2 4 3 1757 227 23 10 7 14 77 218 168 6 20 351 7497 3881 1896 5294 117 3790 9 2478 708
87 0 2 1 5 71 3 561 4051 92 6137 36 21 39 4 714 24 19 28 124 5361 67 99 513 97 41 134 179 5005 23 371 554 3110
88 0 1 2 4 6 68 8 169 3 796 5778 92 216 13 38 1110 1776 24 42 4329 452 12 7266 2475 33 134 25 7 539 280 138
89 0 12 1 5 4 2 1996 3 5270 105 39 10 27 13 168 344 6642 3644 433 1048 7 447 26 83 4060 151 1532 665 65 252 74
90 4 71 17 1 25 9 0 253 3208 22 145 2 2424 338 100 3 16 7 47 44 177 6 82 561 86 36 18 1804 1927 669 3794 120 1290 3244
91 0 1 2 46 34 8 378 13 1119 161 193 426 6 209 61 4 139 455 1016 5 27 473 19 817 12 49 11 3066 414 2650 114 33 82 83 4081 7 202 210 948
92 0 585 40 1054 2 34 352 68 56 3 4630 4 1 282 21 8 987 2360 32 5 299 2145 25 29 20 10 14 79 310 565 229 121 9305 1334 138
93 1 0 39 13 2 3 11 12 5 7 55 1948 21 35 4 233 6 17 68 59 1435 53 3488 580 1959 1438 28 6783 19 3532 5526 138
94 16 4 10 1 7 2882 5 1313 0 316 3 861 26 15 18 5442 3458 2 272 68 2631 1150 44 13 49 29 55 105 301 51 84 1790 25 148 121 725 309 554 5921
95 8 0 2 19 56 39 3430 3252 5 103 4 1 93 129 1361 38 15 37 119 200 23 5170 68 28 131 1623 474 130 6 14 1128 1213 6379 9 138
96 2 0 24 18 7884 236 50 1 492 5 72 3000 653 349 17 3 7155 6 3224 34 4 11 7 112 8 245 90 1621 25 12 9 8168 323 201 1807 316 280 2818
97 670 31 4 34 0 9 14 99 1 519 1478 2 3 658 413 212 1258 13 6 61 3940 86 1992 1002 960 7 373 278 81 356 358 1591 1263 1737
98 14 205 8 1487 106 46 1 0 21 1759 2 16 42 9711 40 6 1606 7 12 179 3 1937 4 43 337 410 5 23 9 32 157 37 5472 6201 1671 355 155 138 3097 859
99 5 3618 1530 406 354 63 0 3 1320 1027 238 1 328 29 6 2 172 39 469 24 9 5021 5359 27 1127 3730 4683 53 70 216 1989 909 138 120 2153
